                              1 
                              2 ;;; gcc for m6809 : Feb 15 2016 21:40:10
                              3 ;;; 4.3.6 (gcc6809)
                              4 ;;; ABI version 1
                              5 ;;; -mint8
                              6 	.module	vec_rom_0xfe_0.c
                              7 ;----- asm -----
                              8 	.bank page_fe (BASE=0xfe28,SIZE=0x0100)
                              9 	.area .dpfe (OVR,BANK=page_fe)
                             10 	
                             11 ;--- end asm ---
                             12 	.globl _Vec_ADSR_FADE1
                             13 	.area	.dpfe
   0000                      14 _Vec_ADSR_FADE1:
   0000 00 00                15 	.word	0	;skip space 16
   0002 00 00                16 	.word	0	;skip space 14
   0004 00 00                17 	.word	0	;skip space 12
   0006 00 00                18 	.word	0	;skip space 10
   0008 00 00                19 	.word	0	;skip space 8
   000A 00 00                20 	.word	0	;skip space 6
   000C 00 00                21 	.word	0	;skip space 4
   000E 00 00                22 	.word	0	;skip space 2
                             23 	.globl _Vec_Music_5
   0010                      24 _Vec_Music_5:
   0010 00 00                25 	.word	0	;skip space 46
   0012 00 00                26 	.word	0	;skip space 44
   0014 00 00                27 	.word	0	;skip space 42
   0016 00 00                28 	.word	0	;skip space 40
   0018 00 00                29 	.word	0	;skip space 38
   001A 00 00                30 	.word	0	;skip space 36
   001C 00 00                31 	.word	0	;skip space 34
   001E 00 00                32 	.word	0	;skip space 32
   0020 00 00                33 	.word	0	;skip space 30
   0022 00 00                34 	.word	0	;skip space 28
   0024 00 00                35 	.word	0	;skip space 26
   0026 00 00                36 	.word	0	;skip space 24
   0028 00 00                37 	.word	0	;skip space 22
   002A 00 00                38 	.word	0	;skip space 20
   002C 00 00                39 	.word	0	;skip space 18
   002E 00 00                40 	.word	0	;skip space 16
   0030 00 00                41 	.word	0	;skip space 14
   0032 00 00                42 	.word	0	;skip space 12
   0034 00 00                43 	.word	0	;skip space 10
   0036 00 00                44 	.word	0	;skip space 8
   0038 00 00                45 	.word	0	;skip space 6
   003A 00 00                46 	.word	0	;skip space 4
   003C 00 00                47 	.word	0	;skip space 2
                             48 	.globl _Vec_ADSR_FADE2
   003E                      49 _Vec_ADSR_FADE2:
   003E 00 00                50 	.word	0	;skip space 16
   0040 00 00                51 	.word	0	;skip space 14
   0042 00 00                52 	.word	0	;skip space 12
   0044 00 00                53 	.word	0	;skip space 10
   0046 00 00                54 	.word	0	;skip space 8
   0048 00 00                55 	.word	0	;skip space 6
   004A 00 00                56 	.word	0	;skip space 4
   004C 00 00                57 	.word	0	;skip space 2
                             58 	.globl _Vec_Music_6
   004E                      59 _Vec_Music_6:
   004E 00 00                60 	.word	0	;skip space 60
   0050 00 00                61 	.word	0	;skip space 58
   0052 00 00                62 	.word	0	;skip space 56
   0054 00 00                63 	.word	0	;skip space 54
   0056 00 00                64 	.word	0	;skip space 52
   0058 00 00                65 	.word	0	;skip space 50
   005A 00 00                66 	.word	0	;skip space 48
   005C 00 00                67 	.word	0	;skip space 46
   005E 00 00                68 	.word	0	;skip space 44
   0060 00 00                69 	.word	0	;skip space 42
   0062 00 00                70 	.word	0	;skip space 40
   0064 00 00                71 	.word	0	;skip space 38
   0066 00 00                72 	.word	0	;skip space 36
   0068 00 00                73 	.word	0	;skip space 34
   006A 00 00                74 	.word	0	;skip space 32
   006C 00 00                75 	.word	0	;skip space 30
   006E 00 00                76 	.word	0	;skip space 28
   0070 00 00                77 	.word	0	;skip space 26
   0072 00 00                78 	.word	0	;skip space 24
   0074 00 00                79 	.word	0	;skip space 22
   0076 00 00                80 	.word	0	;skip space 20
   0078 00 00                81 	.word	0	;skip space 18
   007A 00 00                82 	.word	0	;skip space 16
   007C 00 00                83 	.word	0	;skip space 14
   007E 00 00                84 	.word	0	;skip space 12
   0080 00 00                85 	.word	0	;skip space 10
   0082 00 00                86 	.word	0	;skip space 8
   0084 00 00                87 	.word	0	;skip space 6
   0086 00 00                88 	.word	0	;skip space 4
   0088 00 00                89 	.word	0	;skip space 2
                             90 	.globl _Vec_ADSR_FADE3
   008A                      91 _Vec_ADSR_FADE3:
   008A 00 00                92 	.word	0	;skip space 4
   008C 00 00                93 	.word	0	;skip space 2
                             94 	.globl _Vec_TWANG_VIBEHL
   008E                      95 _Vec_TWANG_VIBEHL:
   008E 00 00                96 	.word	0	;skip space 16
   0090 00 00                97 	.word	0	;skip space 14
   0092 00 00                98 	.word	0	;skip space 12
   0094 00 00                99 	.word	0	;skip space 10
   0096 00 00               100 	.word	0	;skip space 8
   0098 00 00               101 	.word	0	;skip space 6
   009A 00 00               102 	.word	0	;skip space 4
   009C 00 00               103 	.word	0	;skip space 2
                            104 	.globl _Vec_Music_7
   009E                     105 _Vec_Music_7:
   009E 00 00               106 	.word	0	;skip space 34
   00A0 00 00               107 	.word	0	;skip space 32
   00A2 00 00               108 	.word	0	;skip space 30
   00A4 00 00               109 	.word	0	;skip space 28
   00A6 00 00               110 	.word	0	;skip space 26
   00A8 00 00               111 	.word	0	;skip space 24
   00AA 00 00               112 	.word	0	;skip space 22
   00AC 00 00               113 	.word	0	;skip space 20
   00AE 00 00               114 	.word	0	;skip space 18
   00B0 00 00               115 	.word	0	;skip space 16
   00B2 00 00               116 	.word	0	;skip space 14
   00B4 00 00               117 	.word	0	;skip space 12
   00B6 00 00               118 	.word	0	;skip space 10
   00B8 00 00               119 	.word	0	;skip space 8
   00BA 00 00               120 	.word	0	;skip space 6
   00BC 00 00               121 	.word	0	;skip space 4
   00BE 00 00               122 	.word	0	;skip space 2
                            123 	.globl _Vec_ADSR_FADE4
   00C0                     124 _Vec_ADSR_FADE4:
   00C0 00 00               125 	.word	0	;skip space 16
   00C2 00 00               126 	.word	0	;skip space 14
   00C4 00 00               127 	.word	0	;skip space 12
   00C6 00 00               128 	.word	0	;skip space 10
   00C8 00 00               129 	.word	0	;skip space 8
   00CA 00 00               130 	.word	0	;skip space 6
   00CC 00 00               131 	.word	0	;skip space 4
   00CE 00 00               132 	.word	0	;skip space 2
                            133 	.globl _Vec_Music_8
   00D0                     134 _Vec_Music_8:
   00D0 00                  135 	.byte	0	;skip space
ASxxxx Assembler V05.00  (Motorola 6809), page 1.
Hexidecimal [16-Bits]

Symbol Table

    .__.$$$.       =   2710 L   |     .__.ABS.       =   0000 G
    .__.CPU.       =   0000 L   |     .__.H$L.       =   0001 L
  2 _Vec_ADSR_FADE     0000 GR  |   2 _Vec_ADSR_FADE     003E GR
  2 _Vec_ADSR_FADE     008A GR  |   2 _Vec_ADSR_FADE     00C0 GR
  2 _Vec_Music_5       0010 GR  |   2 _Vec_Music_6       004E GR
  2 _Vec_Music_7       009E GR  |   2 _Vec_Music_8       00D0 GR
  2 _Vec_TWANG_VIB     008E GR

ASxxxx Assembler V05.00  (Motorola 6809), page 2.
Hexidecimal [16-Bits]

Area Table

[_CSEG]
   0 _CODE            size    0   flags C080
[_DSEG]
   1 _DATA            size    0   flags C0C0
[page_fe]
   2 .dpfe            size   D1   flags 8584

