                              1 
                              2 ;;; gcc for m6809 : Feb 15 2016 21:40:10
                              3 ;;; 4.3.6 (gcc6809)
                              4 ;;; ABI version 1
                              5 ;;; -mint8
                              6 	.module	vec_ram_dpd0_1.c
                              7 ;----- asm -----
                              8 	.bank page_00 (BASE=0x0000,SIZE=0x0100)
                              9 	.area direct (OVR,BANK=page_00)
                             10 	
                             11 ;--- end asm ---
                             12 	.globl _dp_VIA_port_b
                             13 	.area	direct
   0000                      14 _dp_VIA_port_b:
   0000 00 00                15 	.word	0	;skip space 4
   0002 00 00                16 	.word	0	;skip space 2
                             17 	.globl _dp_VIA_t1_cnt
   0004                      18 _dp_VIA_t1_cnt:
   0004 00 00                19 	.word	0	;skip space 2
                             20 	.globl _dp_VIA_t1_lch
   0006                      21 _dp_VIA_t1_lch:
   0006 00 00                22 	.word	0	;skip space 2
                             23 	.globl _dp_VIA_t2
   0008                      24 _dp_VIA_t2:
   0008 00 00                25 	.word	0	;skip space 2
ASxxxx Assembler V05.00  (Motorola 6809), page 1.
Hexidecimal [16-Bits]

Symbol Table

    .__.$$$.       =   2710 L   |     .__.ABS.       =   0000 G
    .__.CPU.       =   0000 L   |     .__.H$L.       =   0001 L
  2 _dp_VIA_port_b     0000 GR  |   2 _dp_VIA_t1_cnt     0004 GR
  2 _dp_VIA_t1_lch     0006 GR  |   2 _dp_VIA_t2         0008 GR

ASxxxx Assembler V05.00  (Motorola 6809), page 2.
Hexidecimal [16-Bits]

Area Table

[_CSEG]
   0 _CODE            size    0   flags C080
[_DSEG]
   1 _DATA            size    0   flags C0C0
[page_00]
   2 direct           size    A   flags 8584

