                              1 
                              2 ;;; gcc for m6809 : Feb 15 2016 21:40:10
                              3 ;;; 4.3.6 (gcc6809)
                              4 ;;; ABI version 1
                              5 ;;; -mint8
                              6 	.module	vec_rom_dped_0.c
                              7 ;----- asm -----
                              8 	.bank page_00 (BASE=0x0000,SIZE=0x0100)
                              9 	.area direct (OVR,BANK=page_00)
                             10 	
                             11 ;--- end asm ---
                             12 	.globl _dp_Vec_Snd_shadow
                             13 	.area	direct
   0000                      14 _dp_Vec_Snd_shadow:
   0000 00 00                15 	.word	0	;skip space 119
   0002 00 00                16 	.word	0	;skip space 117
   0004 00 00                17 	.word	0	;skip space 115
   0006 00 00                18 	.word	0	;skip space 113
   0008 00 00                19 	.word	0	;skip space 111
   000A 00 00                20 	.word	0	;skip space 109
   000C 00 00                21 	.word	0	;skip space 107
   000E 00 00                22 	.word	0	;skip space 105
   0010 00 00                23 	.word	0	;skip space 103
   0012 00 00                24 	.word	0	;skip space 101
   0014 00 00                25 	.word	0	;skip space 99
   0016 00 00                26 	.word	0	;skip space 97
   0018 00 00                27 	.word	0	;skip space 95
   001A 00 00                28 	.word	0	;skip space 93
   001C 00 00                29 	.word	0	;skip space 91
   001E 00 00                30 	.word	0	;skip space 89
   0020 00 00                31 	.word	0	;skip space 87
   0022 00 00                32 	.word	0	;skip space 85
   0024 00 00                33 	.word	0	;skip space 83
   0026 00 00                34 	.word	0	;skip space 81
   0028 00 00                35 	.word	0	;skip space 79
   002A 00 00                36 	.word	0	;skip space 77
   002C 00 00                37 	.word	0	;skip space 75
   002E 00 00                38 	.word	0	;skip space 73
   0030 00 00                39 	.word	0	;skip space 71
   0032 00 00                40 	.word	0	;skip space 69
   0034 00 00                41 	.word	0	;skip space 67
   0036 00 00                42 	.word	0	;skip space 65
   0038 00 00                43 	.word	0	;skip space 63
   003A 00 00                44 	.word	0	;skip space 61
   003C 00 00                45 	.word	0	;skip space 59
   003E 00 00                46 	.word	0	;skip space 57
   0040 00 00                47 	.word	0	;skip space 55
   0042 00 00                48 	.word	0	;skip space 53
   0044 00 00                49 	.word	0	;skip space 51
   0046 00 00                50 	.word	0	;skip space 49
   0048 00 00                51 	.word	0	;skip space 47
   004A 00 00                52 	.word	0	;skip space 45
   004C 00 00                53 	.word	0	;skip space 43
   004E 00 00                54 	.word	0	;skip space 41
   0050 00 00                55 	.word	0	;skip space 39
   0052 00 00                56 	.word	0	;skip space 37
   0054 00 00                57 	.word	0	;skip space 35
   0056 00 00                58 	.word	0	;skip space 33
   0058 00 00                59 	.word	0	;skip space 31
   005A 00 00                60 	.word	0	;skip space 29
   005C 00 00                61 	.word	0	;skip space 27
   005E 00 00                62 	.word	0	;skip space 25
   0060 00 00                63 	.word	0	;skip space 23
   0062 00 00                64 	.word	0	;skip space 21
   0064 00 00                65 	.word	0	;skip space 19
   0066 00 00                66 	.word	0	;skip space 17
   0068 00 00                67 	.word	0	;skip space 15
   006A 00 00                68 	.word	0	;skip space 13
   006C 00 00                69 	.word	0	;skip space 11
   006E 00 00                70 	.word	0	;skip space 9
   0070 00 00                71 	.word	0	;skip space 7
   0072 00 00                72 	.word	0	;skip space 5
   0074 00 00                73 	.word	0	;skip space 3
   0076 00                   74 	.byte	0	;skip space
                             75 	.globl _dp_Vec_Music_0
   0077                      76 _dp_Vec_Music_0:
   0077 00 00                77 	.word	0	;skip space 24
   0079 00 00                78 	.word	0	;skip space 22
   007B 00 00                79 	.word	0	;skip space 20
   007D 00 00                80 	.word	0	;skip space 18
   007F 00 00                81 	.word	0	;skip space 16
   0081 00 00                82 	.word	0	;skip space 14
   0083 00 00                83 	.word	0	;skip space 12
   0085 00 00                84 	.word	0	;skip space 10
   0087 00 00                85 	.word	0	;skip space 8
   0089 00 00                86 	.word	0	;skip space 6
   008B 00 00                87 	.word	0	;skip space 4
   008D 00 00                88 	.word	0	;skip space 2
                             89 	.globl _dp_Vec_ADSR_FADE66
   008F                      90 _dp_Vec_ADSR_FADE66:
   008F 00                   91 	.byte	0	;skip space
ASxxxx Assembler V05.00  (Motorola 6809), page 1.
Hexidecimal [16-Bits]

Symbol Table

    .__.$$$.       =   2710 L   |     .__.ABS.       =   0000 G
    .__.CPU.       =   0000 L   |     .__.H$L.       =   0001 L
  2 _dp_Vec_ADSR_F     008F GR  |   2 _dp_Vec_Music_     0077 GR
  2 _dp_Vec_Snd_sh     0000 GR

ASxxxx Assembler V05.00  (Motorola 6809), page 2.
Hexidecimal [16-Bits]

Area Table

[_CSEG]
   0 _CODE            size    0   flags C080
[_DSEG]
   1 _DATA            size    0   flags C0C0
[page_00]
   2 direct           size   90   flags 8584

