                              1 
                              2 ;;; gcc for m6809 : Feb 15 2016 21:40:10
                              3 ;;; 4.3.6 (gcc6809)
                              4 ;;; ABI version 1
                              5 ;;; -mint8
                              6 	.module	vec_ram_dpc8_0.c
                              7 ;----- asm -----
                              8 	.bank page_00 (BASE=0x0000,SIZE=0x0100)
                              9 	.area direct (OVR,BANK=page_00)
                             10 	
                             11 ;--- end asm ---
                             12 	.globl _dp_Vec_Snd_shadow
                             13 	.area	direct
   0000                      14 _dp_Vec_Snd_shadow:
   0000 00 00                15 	.word	0	;skip space 15
   0002 00 00                16 	.word	0	;skip space 13
   0004 00 00                17 	.word	0	;skip space 11
   0006 00 00                18 	.word	0	;skip space 9
   0008 00 00                19 	.word	0	;skip space 7
   000A 00 00                20 	.word	0	;skip space 5
   000C 00 00                21 	.word	0	;skip space 3
   000E 00                   22 	.byte	0	;skip space
                             23 	.globl _dp_Vec_Btn_State
   000F                      24 _dp_Vec_Btn_State:
   000F 00                   25 	.byte	0	;skip space
                             26 	.globl _dp_Vec_Prev_Btns
   0010                      27 _dp_Vec_Prev_Btns:
   0010 00                   28 	.byte	0	;skip space
                             29 	.globl _dp_Vec_Buttons
   0011                      30 _dp_Vec_Buttons:
   0011 00                   31 	.byte	0	;skip space
                             32 	.globl _dp_Vec_Button_1_1
   0012                      33 _dp_Vec_Button_1_1:
   0012 00                   34 	.byte	0	;skip space
                             35 	.globl _dp_Vec_Button_1_2
   0013                      36 _dp_Vec_Button_1_2:
   0013 00                   37 	.byte	0	;skip space
                             38 	.globl _dp_Vec_Button_1_3
   0014                      39 _dp_Vec_Button_1_3:
   0014 00                   40 	.byte	0	;skip space
                             41 	.globl _dp_Vec_Button_1_4
   0015                      42 _dp_Vec_Button_1_4:
   0015 00                   43 	.byte	0	;skip space
                             44 	.globl _dp_Vec_Button_2_1
   0016                      45 _dp_Vec_Button_2_1:
   0016 00                   46 	.byte	0	;skip space
                             47 	.globl _dp_Vec_Button_2_2
   0017                      48 _dp_Vec_Button_2_2:
   0017 00                   49 	.byte	0	;skip space
                             50 	.globl _dp_Vec_Button_2_3
   0018                      51 _dp_Vec_Button_2_3:
   0018 00                   52 	.byte	0	;skip space
                             53 	.globl _dp_Vec_Button_2_4
   0019                      54 _dp_Vec_Button_2_4:
   0019 00                   55 	.byte	0	;skip space
                             56 	.globl _dp_Vec_Joy_Resltn
   001A                      57 _dp_Vec_Joy_Resltn:
   001A 00                   58 	.byte	0	;skip space
                             59 	.globl _dp_Vec_Joy_1_X
   001B                      60 _dp_Vec_Joy_1_X:
   001B 00                   61 	.byte	0	;skip space
                             62 	.globl _dp_Vec_Joy_1_Y
   001C                      63 _dp_Vec_Joy_1_Y:
   001C 00                   64 	.byte	0	;skip space
                             65 	.globl _dp_Vec_Joy_2_X
   001D                      66 _dp_Vec_Joy_2_X:
   001D 00                   67 	.byte	0	;skip space
                             68 	.globl _dp_Vec_Joy_2_Y
   001E                      69 _dp_Vec_Joy_2_Y:
   001E 00                   70 	.byte	0	;skip space
                             71 	.globl _dp_Vec_Joy_mux
   001F                      72 _dp_Vec_Joy_mux:
   001F 00 00                73 	.word	0	;skip space 4
   0021 00 00                74 	.word	0	;skip space 2
                             75 	.globl _dp_Vec_Misc_Count
   0023                      76 _dp_Vec_Misc_Count:
   0023 00                   77 	.byte	0	;skip space
                             78 	.globl _dp_Vec_0Ref_Enable
   0024                      79 _dp_Vec_0Ref_Enable:
   0024 00                   80 	.byte	0	;skip space
                             81 	.globl _dp_Vec_Loop_Count
   0025                      82 _dp_Vec_Loop_Count:
   0025 00 00                83 	.word	0	;skip space 2
                             84 	.globl _dp_Vec_Brightness
   0027                      85 _dp_Vec_Brightness:
   0027 00                   86 	.byte	0	;skip space
                             87 	.globl _dp_Vec_Dot_Dwell
   0028                      88 _dp_Vec_Dot_Dwell:
   0028 00                   89 	.byte	0	;skip space
                             90 	.globl _dp_Vec_Pattern
   0029                      91 _dp_Vec_Pattern:
   0029 00                   92 	.byte	0	;skip space
                             93 	.globl _dp_Vec_Text_HW
   002A                      94 _dp_Vec_Text_HW:
   002A 00 00                95 	.word	0	;skip space 2
                             96 	.globl _dp_Vec_Str_Ptr
   002C                      97 _dp_Vec_Str_Ptr:
   002C 00 00                98 	.word	0	;skip space 2
                             99 	.globl _dp_Vec_counters
   002E                     100 _dp_Vec_counters:
   002E 00 00               101 	.word	0	;skip space 6
   0030 00 00               102 	.word	0	;skip space 4
   0032 00 00               103 	.word	0	;skip space 2
                            104 	.globl _dp_Vec_RiseRun_Tmp
   0034                     105 _dp_Vec_RiseRun_Tmp:
   0034 00 00               106 	.word	0	;skip space 2
                            107 	.globl _dp_Vec_Angle
   0036                     108 _dp_Vec_Angle:
   0036 00                  109 	.byte	0	;skip space
                            110 	.globl _dp_Vec_Run_Index
   0037                     111 _dp_Vec_Run_Index:
   0037 00 00               112 	.word	0	;skip space 2
                            113 	.globl _dp_Vec_Rise_Index
   0039                     114 _dp_Vec_Rise_Index:
   0039 00 00               115 	.word	0	;skip space 2
                            116 	.globl _dp_Vec_RiseRun_Len
   003B                     117 _dp_Vec_RiseRun_Len:
   003B 00                  118 	.byte	0	;skip space
                            119 	.globl _dp_Vec_XXX_02
   003C                     120 _dp_Vec_XXX_02:
   003C 00                  121 	.byte	0	;skip space
                            122 	.globl _dp_Vec_Rfrsh
   003D                     123 _dp_Vec_Rfrsh:
   003D 00 00               124 	.word	0	;skip space 2
                            125 	.globl _dp_Vec_Music_Work
   003F                     126 _dp_Vec_Music_Work:
   003F 00 00               127 	.word	0	;skip space 3
   0041 00                  128 	.byte	0	;skip space
                            129 	.globl _dp_Vec_Music_Wk_A
   0042                     130 _dp_Vec_Music_Wk_A:
   0042 00                  131 	.byte	0	;skip space
                            132 	.globl _dp_Vec_XXX_03
   0043                     133 _dp_Vec_XXX_03:
   0043 00                  134 	.byte	0	;skip space
                            135 	.globl _dp_Vec_XXX_04
   0044                     136 _dp_Vec_XXX_04:
   0044 00                  137 	.byte	0	;skip space
                            138 	.globl _dp_Vec_Music_Wk_7
   0045                     139 _dp_Vec_Music_Wk_7:
   0045 00                  140 	.byte	0	;skip space
                            141 	.globl _dp_Vec_Music_Wk_6
   0046                     142 _dp_Vec_Music_Wk_6:
   0046 00                  143 	.byte	0	;skip space
                            144 	.globl _dp_Vec_Music_Wk_5
   0047                     145 _dp_Vec_Music_Wk_5:
   0047 00                  146 	.byte	0	;skip space
                            147 	.globl _dp_Vec_XXX_05
   0048                     148 _dp_Vec_XXX_05:
   0048 00                  149 	.byte	0	;skip space
                            150 	.globl _dp_Vec_XXX_06
   0049                     151 _dp_Vec_XXX_06:
   0049 00                  152 	.byte	0	;skip space
                            153 	.globl _dp_Vec_XXX_07
   004A                     154 _dp_Vec_XXX_07:
   004A 00                  155 	.byte	0	;skip space
                            156 	.globl _dp_Vec_Music_Wk_1
   004B                     157 _dp_Vec_Music_Wk_1:
   004B 00                  158 	.byte	0	;skip space
                            159 	.globl _dp_Vec_XXX_08
   004C                     160 _dp_Vec_XXX_08:
   004C 00                  161 	.byte	0	;skip space
                            162 	.globl _dp_Vec_Freq_Table
   004D                     163 _dp_Vec_Freq_Table:
   004D 00 00               164 	.word	0	;skip space 2
                            165 	.globl _dp_Vec_ADSR_Table
   004F                     166 _dp_Vec_ADSR_Table:
   004F 00 00               167 	.word	0	;skip space 2
                            168 	.globl _dp_Vec_Twang_Table
   0051                     169 _dp_Vec_Twang_Table:
   0051 00 00               170 	.word	0	;skip space 2
                            171 	.globl _dp_Vec_Music_Ptr
   0053                     172 _dp_Vec_Music_Ptr:
   0053 00 00               173 	.word	0	;skip space 2
                            174 	.globl _dp_Vec_Music_Chan
   0055                     175 _dp_Vec_Music_Chan:
   0055 00                  176 	.byte	0	;skip space
                            177 	.globl _dp_Vec_Music_Flag
   0056                     178 _dp_Vec_Music_Flag:
   0056 00                  179 	.byte	0	;skip space
                            180 	.globl _dp_Vec_Duration
   0057                     181 _dp_Vec_Duration:
   0057 00                  182 	.byte	0	;skip space
                            183 	.globl _dp_Vec_Expl_1
   0058                     184 _dp_Vec_Expl_1:
   0058 00                  185 	.byte	0	;skip space
                            186 	.globl _dp_Vec_Expl_2
   0059                     187 _dp_Vec_Expl_2:
   0059 00                  188 	.byte	0	;skip space
                            189 	.globl _dp_Vec_Expl_3
   005A                     190 _dp_Vec_Expl_3:
   005A 00                  191 	.byte	0	;skip space
                            192 	.globl _dp_Vec_Expl_4
   005B                     193 _dp_Vec_Expl_4:
   005B 00                  194 	.byte	0	;skip space
                            195 	.globl _dp_Vec_Expl_Chan
   005C                     196 _dp_Vec_Expl_Chan:
   005C 00                  197 	.byte	0	;skip space
                            198 	.globl _dp_Vec_Expl_ChanB
   005D                     199 _dp_Vec_Expl_ChanB:
   005D 00                  200 	.byte	0	;skip space
                            201 	.globl _dp_Vec_ADSR_timers
   005E                     202 _dp_Vec_ADSR_timers:
   005E 00 00               203 	.word	0	;skip space 3
   0060 00                  204 	.byte	0	;skip space
                            205 	.globl _dp_Vec_Music_freq
   0061                     206 _dp_Vec_Music_freq:
   0061 00 00               207 	.word	0	;skip space 6
   0063 00 00               208 	.word	0	;skip space 4
   0065 00 00               209 	.word	0	;skip space 2
                            210 	.globl _dp_Vec_Expl_Flag
   0067                     211 _dp_Vec_Expl_Flag:
   0067 00                  212 	.byte	0	;skip space
                            213 	.globl _dp_Vec_XXX_10
   0068                     214 _dp_Vec_XXX_10:
   0068 00                  215 	.byte	0	;skip space
                            216 	.globl _dp_Vec_XXX_11
   0069                     217 _dp_Vec_XXX_11:
   0069 00                  218 	.byte	0	;skip space
                            219 	.globl _dp_Vec_XXX_12
   006A                     220 _dp_Vec_XXX_12:
   006A 00                  221 	.byte	0	;skip space
                            222 	.globl _dp_Vec_XXX_13
   006B                     223 _dp_Vec_XXX_13:
   006B 00                  224 	.byte	0	;skip space
                            225 	.globl _dp_Vec_XXX_14
   006C                     226 _dp_Vec_XXX_14:
   006C 00                  227 	.byte	0	;skip space
                            228 	.globl _dp_Vec_XXX_15
   006D                     229 _dp_Vec_XXX_15:
   006D 00                  230 	.byte	0	;skip space
                            231 	.globl _dp_Vec_XXX_16
   006E                     232 _dp_Vec_XXX_16:
   006E 00                  233 	.byte	0	;skip space
                            234 	.globl _dp_Vec_XXX_17
   006F                     235 _dp_Vec_XXX_17:
   006F 00                  236 	.byte	0	;skip space
                            237 	.globl _dp_Vec_XXX_18
   0070                     238 _dp_Vec_XXX_18:
   0070 00                  239 	.byte	0	;skip space
                            240 	.globl _dp_Vec_XXX_19
   0071                     241 _dp_Vec_XXX_19:
   0071 00                  242 	.byte	0	;skip space
                            243 	.globl _dp_Vec_XXX_20
   0072                     244 _dp_Vec_XXX_20:
   0072 00                  245 	.byte	0	;skip space
                            246 	.globl _dp_Vec_XXX_21
   0073                     247 _dp_Vec_XXX_21:
   0073 00                  248 	.byte	0	;skip space
                            249 	.globl _dp_Vec_XXX_22
   0074                     250 _dp_Vec_XXX_22:
   0074 00                  251 	.byte	0	;skip space
                            252 	.globl _dp_Vec_XXX_23
   0075                     253 _dp_Vec_XXX_23:
   0075 00                  254 	.byte	0	;skip space
                            255 	.globl _dp_Vec_XXX_24
   0076                     256 _dp_Vec_XXX_24:
   0076 00                  257 	.byte	0	;skip space
                            258 	.globl _dp_Vec_Expl_Timer
   0077                     259 _dp_Vec_Expl_Timer:
   0077 00                  260 	.byte	0	;skip space
                            261 	.globl _dp_Vec_XXX_25
   0078                     262 _dp_Vec_XXX_25:
   0078 00                  263 	.byte	0	;skip space
                            264 	.globl _dp_Vec_Num_Players
   0079                     265 _dp_Vec_Num_Players:
   0079 00                  266 	.byte	0	;skip space
                            267 	.globl _dp_Vec_Num_Game
   007A                     268 _dp_Vec_Num_Game:
   007A 00                  269 	.byte	0	;skip space
                            270 	.globl _dp_Vec_Seed_Ptr
   007B                     271 _dp_Vec_Seed_Ptr:
   007B 00 00               272 	.word	0	;skip space 2
                            273 	.globl _dp_Vec_Random_Seed0
   007D                     274 _dp_Vec_Random_Seed0:
   007D 00                  275 	.byte	0	;skip space
                            276 	.globl _dp_Vec_Random_Seed1
   007E                     277 _dp_Vec_Random_Seed1:
   007E 00                  278 	.byte	0	;skip space
                            279 	.globl _dp_Vec_Random_Seed2
   007F                     280 _dp_Vec_Random_Seed2:
   007F 00                  281 	.byte	0	;skip space
ASxxxx Assembler V05.00  (Motorola 6809), page 1.
Hexidecimal [16-Bits]

Symbol Table

    .__.$$$.       =   2710 L   |     .__.ABS.       =   0000 G
    .__.CPU.       =   0000 L   |     .__.H$L.       =   0001 L
  2 _dp_Vec_0Ref_E     0024 GR  |   2 _dp_Vec_ADSR_T     004F GR
  2 _dp_Vec_ADSR_t     005E GR  |   2 _dp_Vec_Angle      0036 GR
  2 _dp_Vec_Bright     0027 GR  |   2 _dp_Vec_Btn_St     000F GR
  2 _dp_Vec_Button     0012 GR  |   2 _dp_Vec_Button     0013 GR
  2 _dp_Vec_Button     0014 GR  |   2 _dp_Vec_Button     0015 GR
  2 _dp_Vec_Button     0016 GR  |   2 _dp_Vec_Button     0017 GR
  2 _dp_Vec_Button     0018 GR  |   2 _dp_Vec_Button     0019 GR
  2 _dp_Vec_Button     0011 GR  |   2 _dp_Vec_Dot_Dw     0028 GR
  2 _dp_Vec_Durati     0057 GR  |   2 _dp_Vec_Expl_1     0058 GR
  2 _dp_Vec_Expl_2     0059 GR  |   2 _dp_Vec_Expl_3     005A GR
  2 _dp_Vec_Expl_4     005B GR  |   2 _dp_Vec_Expl_C     005C GR
  2 _dp_Vec_Expl_C     005D GR  |   2 _dp_Vec_Expl_F     0067 GR
  2 _dp_Vec_Expl_T     0077 GR  |   2 _dp_Vec_Freq_T     004D GR
  2 _dp_Vec_Joy_1_     001B GR  |   2 _dp_Vec_Joy_1_     001C GR
  2 _dp_Vec_Joy_2_     001D GR  |   2 _dp_Vec_Joy_2_     001E GR
  2 _dp_Vec_Joy_Re     001A GR  |   2 _dp_Vec_Joy_mu     001F GR
  2 _dp_Vec_Loop_C     0025 GR  |   2 _dp_Vec_Misc_C     0023 GR
  2 _dp_Vec_Music_     0055 GR  |   2 _dp_Vec_Music_     0056 GR
  2 _dp_Vec_Music_     0053 GR  |   2 _dp_Vec_Music_     004B GR
  2 _dp_Vec_Music_     0047 GR  |   2 _dp_Vec_Music_     0046 GR
  2 _dp_Vec_Music_     0045 GR  |   2 _dp_Vec_Music_     0042 GR
  2 _dp_Vec_Music_     003F GR  |   2 _dp_Vec_Music_     0061 GR
  2 _dp_Vec_Num_Ga     007A GR  |   2 _dp_Vec_Num_Pl     0079 GR
  2 _dp_Vec_Patter     0029 GR  |   2 _dp_Vec_Prev_B     0010 GR
  2 _dp_Vec_Random     007D GR  |   2 _dp_Vec_Random     007E GR
  2 _dp_Vec_Random     007F GR  |   2 _dp_Vec_Rfrsh      003D GR
  2 _dp_Vec_RiseRu     003B GR  |   2 _dp_Vec_RiseRu     0034 GR
  2 _dp_Vec_Rise_I     0039 GR  |   2 _dp_Vec_Run_In     0037 GR
  2 _dp_Vec_Seed_P     007B GR  |   2 _dp_Vec_Snd_sh     0000 GR
  2 _dp_Vec_Str_Pt     002C GR  |   2 _dp_Vec_Text_H     002A GR
  2 _dp_Vec_Twang_     0051 GR  |   2 _dp_Vec_XXX_02     003C GR
  2 _dp_Vec_XXX_03     0043 GR  |   2 _dp_Vec_XXX_04     0044 GR
  2 _dp_Vec_XXX_05     0048 GR  |   2 _dp_Vec_XXX_06     0049 GR
  2 _dp_Vec_XXX_07     004A GR  |   2 _dp_Vec_XXX_08     004C GR
  2 _dp_Vec_XXX_10     0068 GR  |   2 _dp_Vec_XXX_11     0069 GR
  2 _dp_Vec_XXX_12     006A GR  |   2 _dp_Vec_XXX_13     006B GR
  2 _dp_Vec_XXX_14     006C GR  |   2 _dp_Vec_XXX_15     006D GR
  2 _dp_Vec_XXX_16     006E GR  |   2 _dp_Vec_XXX_17     006F GR
  2 _dp_Vec_XXX_18     0070 GR  |   2 _dp_Vec_XXX_19     0071 GR
  2 _dp_Vec_XXX_20     0072 GR  |   2 _dp_Vec_XXX_21     0073 GR
  2 _dp_Vec_XXX_22     0074 GR  |   2 _dp_Vec_XXX_23     0075 GR
  2 _dp_Vec_XXX_24     0076 GR  |   2 _dp_Vec_XXX_25     0078 GR
  2 _dp_Vec_counte     002E GR

ASxxxx Assembler V05.00  (Motorola 6809), page 2.
Hexidecimal [16-Bits]

Area Table

[_CSEG]
   0 _CODE            size    0   flags C080
[_DSEG]
   1 _DATA            size    0   flags C0C0
[page_00]
   2 direct           size   80   flags 8584

