                              1 
                              2 ;;; gcc for m6809 : Feb 15 2016 21:40:10
                              3 ;;; 4.3.6 (gcc6809)
                              4 ;;; ABI version 1
                              5 ;;; -mint8
                              6 	.module	vec_rom_0xff_0.c
                              7 ;----- asm -----
                              8 	.bank page_ff(BASE=0xff16,SIZE=0x00A0)
                              9 	.area .dpff (OVR,BANK=page_ff)
                             10 	
                             11 ;--- end asm ---
                             12 	.globl _Vec_ADSR_FADE8
                             13 	.area	.dpff
   0000                      14 _Vec_ADSR_FADE8:
   0000 00 00                15 	.word	0	;skip space 16
   0002 00 00                16 	.word	0	;skip space 14
   0004 00 00                17 	.word	0	;skip space 12
   0006 00 00                18 	.word	0	;skip space 10
   0008 00 00                19 	.word	0	;skip space 8
   000A 00 00                20 	.word	0	;skip space 6
   000C 00 00                21 	.word	0	;skip space 4
   000E 00 00                22 	.word	0	;skip space 2
                             23 	.globl _Vec_Music_9
   0010                      24 _Vec_Music_9:
   0010 00 00                25 	.word	0	;skip space 30
   0012 00 00                26 	.word	0	;skip space 28
   0014 00 00                27 	.word	0	;skip space 26
   0016 00 00                28 	.word	0	;skip space 24
   0018 00 00                29 	.word	0	;skip space 22
   001A 00 00                30 	.word	0	;skip space 20
   001C 00 00                31 	.word	0	;skip space 18
   001E 00 00                32 	.word	0	;skip space 16
   0020 00 00                33 	.word	0	;skip space 14
   0022 00 00                34 	.word	0	;skip space 12
   0024 00 00                35 	.word	0	;skip space 10
   0026 00 00                36 	.word	0	;skip space 8
   0028 00 00                37 	.word	0	;skip space 6
   002A 00 00                38 	.word	0	;skip space 4
   002C 00 00                39 	.word	0	;skip space 2
                             40 	.globl _Vec_Music_a
   002E                      41 _Vec_Music_a:
   002E 00 00                42 	.word	0	;skip space 30
   0030 00 00                43 	.word	0	;skip space 28
   0032 00 00                44 	.word	0	;skip space 26
   0034 00 00                45 	.word	0	;skip space 24
   0036 00 00                46 	.word	0	;skip space 22
   0038 00 00                47 	.word	0	;skip space 20
   003A 00 00                48 	.word	0	;skip space 18
   003C 00 00                49 	.word	0	;skip space 16
   003E 00 00                50 	.word	0	;skip space 14
   0040 00 00                51 	.word	0	;skip space 12
   0042 00 00                52 	.word	0	;skip space 10
   0044 00 00                53 	.word	0	;skip space 8
   0046 00 00                54 	.word	0	;skip space 6
   0048 00 00                55 	.word	0	;skip space 4
   004A 00 00                56 	.word	0	;skip space 2
                             57 	.globl _Vec_Music_b
   004C                      58 _Vec_Music_b:
   004C 00 00                59 	.word	0	;skip space 24
   004E 00 00                60 	.word	0	;skip space 22
   0050 00 00                61 	.word	0	;skip space 20
   0052 00 00                62 	.word	0	;skip space 18
   0054 00 00                63 	.word	0	;skip space 16
   0056 00 00                64 	.word	0	;skip space 14
   0058 00 00                65 	.word	0	;skip space 12
   005A 00 00                66 	.word	0	;skip space 10
   005C 00 00                67 	.word	0	;skip space 8
   005E 00 00                68 	.word	0	;skip space 6
   0060 00 00                69 	.word	0	;skip space 4
   0062 00 00                70 	.word	0	;skip space 2
                             71 	.globl _Vec_Music_c
   0064                      72 _Vec_Music_c:
   0064 00 00                73 	.word	0	;skip space 21
   0066 00 00                74 	.word	0	;skip space 19
   0068 00 00                75 	.word	0	;skip space 17
   006A 00 00                76 	.word	0	;skip space 15
   006C 00 00                77 	.word	0	;skip space 13
   006E 00 00                78 	.word	0	;skip space 11
   0070 00 00                79 	.word	0	;skip space 9
   0072 00 00                80 	.word	0	;skip space 7
   0074 00 00                81 	.word	0	;skip space 5
   0076 00 00                82 	.word	0	;skip space 3
   0078 00                   83 	.byte	0	;skip space
                             84 	.globl _Vec_Music_d
   0079                      85 _Vec_Music_d:
   0079 00                   86 	.byte	0	;skip space
ASxxxx Assembler V05.00  (Motorola 6809), page 1.
Hexidecimal [16-Bits]

Symbol Table

    .__.$$$.       =   2710 L   |     .__.ABS.       =   0000 G
    .__.CPU.       =   0000 L   |     .__.H$L.       =   0001 L
  2 _Vec_ADSR_FADE     0000 GR  |   2 _Vec_Music_9       0010 GR
  2 _Vec_Music_a       002E GR  |   2 _Vec_Music_b       004C GR
  2 _Vec_Music_c       0064 GR  |   2 _Vec_Music_d       0079 GR

ASxxxx Assembler V05.00  (Motorola 6809), page 2.
Hexidecimal [16-Bits]

Area Table

[_CSEG]
   0 _CODE            size    0   flags C080
[_DSEG]
   1 _DATA            size    0   flags C0C0
[page_ff]
   2 .dpff            size   7A   flags 8584

