                              1 ;;; gcc for m6809 : Mar 17 2019 13:25:32
                              2 ;;; 4.3.6 (gcc6809)
                              3 ;;; ABI version 1
                              4 ;;; -mabi=bx -mint8 -fomit-frame-pointer -O0
                              5 	.module	vec_rum_0xe7.c
                              6 ;----- asm -----
                              7 	.bank page_e7 (BASE=0xe7b5,SIZE=0x004b)
                              8 	.area .0xe7 (OVR,BANK=page_e7)
                              9 	
                             10 ;--- end asm ---
                             11 	.globl	___Displ8_xy
                             12 	.area	.0xe7
   0000                      13 ___Displ8_xy:
   0000 00 00 00 00 00 00    14 	.word	0,0,0,0,0,0,0,0,0,0,0,0,0,0
        00 00 00 00 00 00
        00 00 00 00 00 00
        00 00 00 00 00 00
        00 00 00 00
   001C 00                   15 	.byte	0
                             16 	.globl	___Displ16_xy
   001D                      17 ___Displ16_xy:
   001D 00                   18 	.byte	0
ASxxxx Assembler V05.31  (Motorola 6809)                                Page 1
Hexadecimal [16-Bits]                                 Thu Jan 30 13:14:28 2020

Symbol Table

    .__.$$$.       =   2710 L   |     .__.ABS.       =   0000 G
    .__.CPU.       =   0000 L   |     .__.H$L.       =   0001 L
  2 ___Displ16_xy      001D GR  |   2 ___Displ8_xy       0000 GR

ASxxxx Assembler V05.31  (Motorola 6809)                                Page 2
Hexadecimal [16-Bits]                                 Thu Jan 30 13:14:28 2020

Area Table

[_CSEG]
   0 _CODE            size    0   flags C080
[_DSEG]
   1 _DATA            size    0   flags C0C0
[page_e7]
   2 .0xe7            size   1E   flags 8584

