                              1 ;;; gcc for m6809 : Mar 17 2019 13:25:32
                              2 ;;; 4.3.6 (gcc6809)
                              3 ;;; ABI version 1
                              4 ;;; -mabi=bx -mint8 -fomit-frame-pointer -O0
                              5 	.module	vec_rom_dpff_0.c
                              6 ;----- asm -----
                              7 	.bank page_00 (BASE=0x0000,SIZE=0x0100)
                              8 	.area .direct (OVR,BANK=page_00)
                              9 	
                             10 ;--- end asm ---
                             11 	.globl	_dp_Vec_Snd_shadow
                             12 	.area	.direct
   0000                      13 _dp_Vec_Snd_shadow:
   0000 00 00 00 00 00 00    14 	.word	0,0,0,0,0,0,0,0,0,0,0
        00 00 00 00 00 00
        00 00 00 00 00 00
        00 00 00 00
                             15 	.globl	_dp_Vec_ADSR_FADE8
   0016                      16 _dp_Vec_ADSR_FADE8:
   0016 00 00 00 00 00 00    17 	.word	0,0,0,0,0,0,0,0
        00 00 00 00 00 00
        00 00 00 00
                             18 	.globl	_dp_Vec_Music_9
   0026                      19 _dp_Vec_Music_9:
   0026 00 00 00 00 00 00    20 	.word	0,0,0,0,0,0,0,0,0,0,0,0,0,0,0
        00 00 00 00 00 00
        00 00 00 00 00 00
        00 00 00 00 00 00
        00 00 00 00 00 00
                             21 	.globl	_dp_Vec_Music_a
   0044                      22 _dp_Vec_Music_a:
   0044 00 00 00 00 00 00    23 	.word	0,0,0,0,0,0,0,0,0,0,0,0,0,0,0
        00 00 00 00 00 00
        00 00 00 00 00 00
        00 00 00 00 00 00
        00 00 00 00 00 00
                             24 	.globl	_dp_Vec_Music_b
   0062                      25 _dp_Vec_Music_b:
   0062 00 00 00 00 00 00    26 	.word	0,0,0,0,0,0,0,0,0,0,0,0
        00 00 00 00 00 00
        00 00 00 00 00 00
        00 00 00 00 00 00
                             27 	.globl	_dp_Vec_Music_c
   007A                      28 _dp_Vec_Music_c:
   007A 00 00 00 00 00 00    29 	.word	0,0,0,0,0,0,0,0,0,0
        00 00 00 00 00 00
        00 00 00 00 00 00
        00 00
   008E 00                   30 	.byte	0
                             31 	.globl	_dp_Vec_Music_d
   008F                      32 _dp_Vec_Music_d:
   008F 00                   33 	.byte	0
ASxxxx Assembler V05.31  (Motorola 6809)                                Page 1
Hexadecimal [16-Bits]                                 Thu Jan 30 13:14:28 2020

Symbol Table

    .__.$$$.       =   2710 L   |     .__.ABS.       =   0000 G
    .__.CPU.       =   0000 L   |     .__.H$L.       =   0001 L
  2 _dp_Vec_ADSR_F     0016 GR  |   2 _dp_Vec_Music_     0026 GR
  2 _dp_Vec_Music_     0044 GR  |   2 _dp_Vec_Music_     0062 GR
  2 _dp_Vec_Music_     007A GR  |   2 _dp_Vec_Music_     008F GR
  2 _dp_Vec_Snd_sh     0000 GR

ASxxxx Assembler V05.31  (Motorola 6809)                                Page 2
Hexadecimal [16-Bits]                                 Thu Jan 30 13:14:28 2020

Area Table

[_CSEG]
   0 _CODE            size    0   flags C080
[_DSEG]
   1 _DATA            size    0   flags C0C0
[page_00]
   2 .direct          size   90   flags 8584

