                              1 ;;; gcc for m6809 : Mar 17 2019 13:25:32
                              2 ;;; 4.3.6 (gcc6809)
                              3 ;;; ABI version 1
                              4 ;;; -mabi=bx -mint8 -fomit-frame-pointer -O0
                              5 	.module	vec_ram_dpc8_1.c
                              6 ;----- asm -----
                              7 	.bank page_00 (BASE=0x0000,SIZE=0x0100)
                              8 	.area .direct (OVR,BANK=page_00)
                              9 	
                             10 ;--- end asm ---
                             11 	.globl	_dp_Vec_Snd_Shadow
                             12 	.area	.direct
   0000                      13 _dp_Vec_Snd_Shadow:
   0000 00 00 00 00 00 00    14 	.word	0,0,0,0,0,0,0,0,0,0,0,0,0,0,0
        00 00 00 00 00 00
        00 00 00 00 00 00
        00 00 00 00 00 00
        00 00 00 00 00 00
   001E 00                   15 	.byte	0
                             16 	.globl	_dp_Vec_Joy_Mux_1_X
   001F                      17 _dp_Vec_Joy_Mux_1_X:
   001F 00                   18 	.byte	0
                             19 	.globl	_dp_Vec_Joy_Mux_1_Y
   0020                      20 _dp_Vec_Joy_Mux_1_Y:
   0020 00                   21 	.byte	0
                             22 	.globl	_dp_Vec_Joy_Mux_2_X
   0021                      23 _dp_Vec_Joy_Mux_2_X:
   0021 00                   24 	.byte	0
                             25 	.globl	_dp_Vec_Joy_Mux_2_Y
   0022                      26 _dp_Vec_Joy_Mux_2_Y:
   0022 00 00                27 	.word	0
   0024 00                   28 	.byte	0
                             29 	.globl	_dp_Vec_Loop_Count_hi
   0025                      30 _dp_Vec_Loop_Count_hi:
   0025 00                   31 	.byte	0
                             32 	.globl	_dp_Vec_Loop_Count_lo
   0026                      33 _dp_Vec_Loop_Count_lo:
   0026 00 00 00 00          34 	.word	0,0
                             35 	.globl	_dp_Vec_Text_Height
   002A                      36 _dp_Vec_Text_Height:
   002A 00                   37 	.byte	0
                             38 	.globl	_dp_Vec_Text_Width
   002B                      39 _dp_Vec_Text_Width:
   002B 00 00                40 	.word	0
   002D 00                   41 	.byte	0
                             42 	.globl	_dp_Vec_Counter_1
   002E                      43 _dp_Vec_Counter_1:
   002E 00                   44 	.byte	0
                             45 	.globl	_dp_Vec_Counter_2
   002F                      46 _dp_Vec_Counter_2:
   002F 00                   47 	.byte	0
                             48 	.globl	_dp_Vec_Counter_3
   0030                      49 _dp_Vec_Counter_3:
   0030 00                   50 	.byte	0
                             51 	.globl	_dp_Vec_Counter_4
   0031                      52 _dp_Vec_Counter_4:
   0031 00                   53 	.byte	0
                             54 	.globl	_dp_Vec_Counter_5
   0032                      55 _dp_Vec_Counter_5:
   0032 00                   56 	.byte	0
                             57 	.globl	_dp_Vec_Counter_6
   0033                      58 _dp_Vec_Counter_6:
   0033 00 00 00 00 00 00    59 	.word	0,0,0
                             60 	.globl	_dp_Vec_XXX_00
   0039                      61 _dp_Vec_XXX_00:
   0039 00 00                62 	.word	0
                             63 	.globl	_dp_Vec_XXX_01
   003B                      64 _dp_Vec_XXX_01:
   003B 00 00                65 	.word	0
                             66 	.globl	_dp_Vec_Rfrsh_lo
   003D                      67 _dp_Vec_Rfrsh_lo:
   003D 00                   68 	.byte	0
                             69 	.globl	_dp_Vec_Rfrsh_hi
   003E                      70 _dp_Vec_Rfrsh_hi:
   003E 00 00 00 00 00 00    71 	.word	0,0,0,0,0,0,0,0
        00 00 00 00 00 00
        00 00 00 00
   004E 00                   72 	.byte	0
                             73 	.globl	_dp_Vec_Max_Players
   004F                      74 _dp_Vec_Max_Players:
   004F 00                   75 	.byte	0
                             76 	.globl	_dp_Vec_Max_Games
   0050                      77 _dp_Vec_Max_Games:
   0050 00 00                78 	.word	0
   0052 00                   79 	.byte	0
                             80 	.globl	_dp_Vec_Expl_ChanA
   0053                      81 _dp_Vec_Expl_ChanA:
   0053 00                   82 	.byte	0
                             83 	.globl	_dp_Vec_Expl_Chans
   0054                      84 _dp_Vec_Expl_Chans:
   0054 00 00 00 00          85 	.word	0,0
                             86 	.globl	_dp_Vec_Music_Twang
   0058                      87 _dp_Vec_Music_Twang:
   0058 00 00 00 00 00 00    88 	.word	0,0,0
                             89 	.globl	_dp_Vec_ADSR_Timers
   005E                      90 _dp_Vec_ADSR_Timers:
   005E 00 00                91 	.word	0
   0060 00                   92 	.byte	0
                             93 	.globl	_dp_Vec_Music_Freq
   0061                      94 _dp_Vec_Music_Freq:
   0061 00 00 00 00 00 00    95 	.word	0,0,0,0,0,0,0,0,0,0,0,0,0,0
        00 00 00 00 00 00
        00 00 00 00 00 00
        00 00 00 00 00 00
        00 00 00 00
                             96 	.globl	_dp_Vec_Random_Seed
   007D                      97 _dp_Vec_Random_Seed:
   007D 00                   98 	.byte	0
ASxxxx Assembler V05.31  (Motorola 6809)                                Page 1
Hexadecimal [16-Bits]                                 Thu Jan 30 13:14:28 2020

Symbol Table

    .__.$$$.       =   2710 L   |     .__.ABS.       =   0000 G
    .__.CPU.       =   0000 L   |     .__.H$L.       =   0001 L
  2 _dp_Vec_ADSR_T     005E GR  |   2 _dp_Vec_Counte     002E GR
  2 _dp_Vec_Counte     002F GR  |   2 _dp_Vec_Counte     0030 GR
  2 _dp_Vec_Counte     0031 GR  |   2 _dp_Vec_Counte     0032 GR
  2 _dp_Vec_Counte     0033 GR  |   2 _dp_Vec_Expl_C     0053 GR
  2 _dp_Vec_Expl_C     0054 GR  |   2 _dp_Vec_Joy_Mu     001F GR
  2 _dp_Vec_Joy_Mu     0020 GR  |   2 _dp_Vec_Joy_Mu     0021 GR
  2 _dp_Vec_Joy_Mu     0022 GR  |   2 _dp_Vec_Loop_C     0025 GR
  2 _dp_Vec_Loop_C     0026 GR  |   2 _dp_Vec_Max_Ga     0050 GR
  2 _dp_Vec_Max_Pl     004F GR  |   2 _dp_Vec_Music_     0061 GR
  2 _dp_Vec_Music_     0058 GR  |   2 _dp_Vec_Random     007D GR
  2 _dp_Vec_Rfrsh_     003E GR  |   2 _dp_Vec_Rfrsh_     003D GR
  2 _dp_Vec_Snd_Sh     0000 GR  |   2 _dp_Vec_Text_H     002A GR
  2 _dp_Vec_Text_W     002B GR  |   2 _dp_Vec_XXX_00     0039 GR
  2 _dp_Vec_XXX_01     003B GR

ASxxxx Assembler V05.31  (Motorola 6809)                                Page 2
Hexadecimal [16-Bits]                                 Thu Jan 30 13:14:28 2020

Area Table

[_CSEG]
   0 _CODE            size    0   flags C080
[_DSEG]
   1 _DATA            size    0   flags C0C0
[page_00]
   2 .direct          size   7E   flags 8584

