                              1 ;;; gcc for m6809 : Mar 17 2019 13:25:32
                              2 ;;; 4.3.6 (gcc6809)
                              3 ;;; ABI version 1
                              4 ;;; -mabi=bx -mint8 -fomit-frame-pointer -O0
                              5 	.module	vec_rom_0xfe_1.c
                              6 ;----- asm -----
                              7 	.bank page_fe (BASE=0xfe28,SIZE=0x0100)
                              8 	.area .dpfe (OVR,BANK=page_fe)
                              9 	
                             10 ;--- end asm ---
                             11 	.globl	_Vec_ADSR_FADE1
                             12 	.area	.dpfe
   0000                      13 _Vec_ADSR_FADE1:
   0000 00 00 00 00 00 00    14 	.word	0,0,0,0,0,0,0,0,0,0,0,0,0,0,0,0
        00 00 00 00 00 00
        00 00 00 00 00 00
        00 00 00 00 00 00
        00 00 00 00 00 00
        00 00
   0020 00 00 00 00 00 00    15 	.word	0,0,0,0,0,0,0,0,0,0,0,0,0,0,0,0
        00 00 00 00 00 00
        00 00 00 00 00 00
        00 00 00 00 00 00
        00 00 00 00 00 00
        00 00
   0040 00 00 00 00 00 00    16 	.word	0,0,0,0,0,0,0,0,0,0,0,0,0,0,0,0
        00 00 00 00 00 00
        00 00 00 00 00 00
        00 00 00 00 00 00
        00 00 00 00 00 00
        00 00
   0060 00 00 00 00 00 00    17 	.word	0,0,0,0,0,0,0,0,0,0,0,0,0,0,0,0
        00 00 00 00 00 00
        00 00 00 00 00 00
        00 00 00 00 00 00
        00 00 00 00 00 00
        00 00
   0080 00 00 00 00 00 00    18 	.word	0,0,0,0,0,0,0
        00 00 00 00 00 00
        00 00
                             19 	.globl	_Vec_TWANG_VIBENL
   008E                      20 _Vec_TWANG_VIBENL:
   008E 00                   21 	.byte	0
ASxxxx Assembler V05.31  (Motorola 6809)                                Page 1
Hexadecimal [16-Bits]                                 Thu Jan 30 13:14:28 2020

Symbol Table

    .__.$$$.       =   2710 L   |     .__.ABS.       =   0000 G
    .__.CPU.       =   0000 L   |     .__.H$L.       =   0001 L
  2 _Vec_ADSR_FADE     0000 GR  |   2 _Vec_TWANG_VIB     008E GR

ASxxxx Assembler V05.31  (Motorola 6809)                                Page 2
Hexadecimal [16-Bits]                                 Thu Jan 30 13:14:28 2020

Area Table

[_CSEG]
   0 _CODE            size    0   flags C080
[_DSEG]
   1 _DATA            size    0   flags C0C0
[page_fe]
   2 .dpfe            size   8F   flags 8584

