                              1 ;;; gcc for m6809 : Mar 17 2019 13:25:32
                              2 ;;; 4.3.6 (gcc6809)
                              3 ;;; ABI version 1
                              4 ;;; -mabi=bx -mint8 -fomit-frame-pointer -O0
                              5 	.module	vec_rum_11_03_Add_Score_d.c
                              6 	.area	.text
                              7 	.globl	__Add_Score_d
   0000                       8 __Add_Score_d:
                              9 ;----- asm -----
                             10 ; 61 "source\vec_rum_11_03_Add_Score_d.c" 1
   0000 EC 62         [ 6]   11 	ldd 2,s
   0002 7E 00 00      [ 4]   12 	jmp ___Add_Score_d; BIOS call
                             13 ;--- end asm ---
ASxxxx Assembler V05.00  (Motorola 6809), page 1.
Hexidecimal [16-Bits]

Symbol Table

    .__.$$$.       =   2710 L   |     .__.ABS.       =   0000 G
    .__.CPU.       =   0000 L   |     .__.H$L.       =   0001 L
  2 __Add_Score_d      0000 GR  |     ___Add_Score_d     **** GX

ASxxxx Assembler V05.00  (Motorola 6809), page 2.
Hexidecimal [16-Bits]

Area Table

[_CSEG]
   0 _CODE            size    0   flags C080
   2 .text            size    5   flags  100
[_DSEG]
   1 _DATA            size    0   flags C0C0

