                              1 ;;; gcc for m6809 : Mar 17 2019 13:25:32
                              2 ;;; 4.3.6 (gcc6809)
                              3 ;;; ABI version 1
                              4 ;;; -mabi=bx -mint8 -fomit-frame-pointer -O0
                              5 	.module	vec_rum_05_02_03_Print_Str_dd.c
                              6 	.area	.text
                              7 	.globl	__Print_Str_dd
   0000                       8 __Print_Str_dd:
   0000 34 40         [ 6]    9 	pshs	u
   0002 32 7E         [ 5]   10 	leas	-2,s
   0004 AF E4         [ 5]   11 	stx	,s
                             12 ;----- asm -----
                             13 ; 60 "source\vec_rum_05_02_03_Print_Str_dd.c" 1
   0006 1F 10         [ 6]   14 	tfr x,d
   0008 EE 66         [ 6]   15 	ldu 6,s
   000A BD 00 00      [ 8]   16 	jsr ___Print_Str_d; BIOS call
                             17 ;--- end asm ---
   000D 32 62         [ 5]   18 	leas	2,s
   000F 35 C0         [ 7]   19 	puls	u,pc
ASxxxx Assembler V05.00  (Motorola 6809), page 1.
Hexidecimal [16-Bits]

Symbol Table

    .__.$$$.       =   2710 L   |     .__.ABS.       =   0000 G
    .__.CPU.       =   0000 L   |     .__.H$L.       =   0001 L
  2 __Print_Str_dd     0000 GR  |     ___Print_Str_d     **** GX

ASxxxx Assembler V05.00  (Motorola 6809), page 2.
Hexidecimal [16-Bits]

Area Table

[_CSEG]
   0 _CODE            size    0   flags C080
   2 .text            size   11   flags  100
[_DSEG]
   1 _DATA            size    0   flags C0C0

