                              1 ;;; gcc for m6809 : Mar 17 2019 13:25:32
                              2 ;;; 4.3.6 (gcc6809)
                              3 ;;; ABI version 1
                              4 ;;; -mabi=bx -mint8 -fomit-frame-pointer -O0
                              5 	.module	vec_rum_13_02_Moveto_dd_7F.c
                              6 	.area	.text
                              7 	.globl	__Moveto_dd_7F
   0000                       8 __Moveto_dd_7F:
                              9 ;----- asm -----
                             10 ; 53 "source\vec_rum_13_02_Moveto_dd_7F.c" 1
   0000 1F 10         [ 6]   11 	tfr x,d
   0002 7E 00 00      [ 4]   12 	jmp ___Moveto_d_7F; BIOS call
                             13 ;--- end asm ---
ASxxxx Assembler V05.00  (Motorola 6809), page 1.
Hexidecimal [16-Bits]

Symbol Table

    .__.$$$.       =   2710 L   |     .__.ABS.       =   0000 G
    .__.CPU.       =   0000 L   |     .__.H$L.       =   0001 L
  2 __Moveto_dd_7F     0000 GR  |     ___Moveto_d_7F     **** GX

ASxxxx Assembler V05.00  (Motorola 6809), page 2.
Hexidecimal [16-Bits]

Area Table

[_CSEG]
   0 _CODE            size    0   flags C080
   2 .text            size    5   flags  100
[_DSEG]
   1 _DATA            size    0   flags C0C0

