                              1 ;;; gcc for m6809 : Mar 17 2019 13:25:32
                              2 ;;; 4.3.6 (gcc6809)
                              3 ;;; ABI version 1
                              4 ;;; -mabi=bx -mint8 -fomit-frame-pointer -O0
                              5 	.module	vec_rum_15_01_01_Obj_Will_Hit_u.c
                              6 	.area	.text
                              7 	.globl	__Obj_Will_Hit_u
   0000                       8 __Obj_Will_Hit_u:
   0000 34 60         [ 7]    9 	pshs	y,u
   0002 32 7C         [ 5]   10 	leas	-4,s
   0004 E7 63         [ 5]   11 	stb	3,s
   0006 AF 61         [ 6]   12 	stx	1,s
                             13 ;----- asm -----
                             14 ; 54 "source\vec_rum_15_01_01_Obj_Will_Hit_u.c" 1
   0008 A6 6A         [ 5]   15 	lda 10,s
   000A 10 AE 6B      [ 7]   16 	ldy 11,s
   000D EE 6D         [ 6]   17 	ldu 13,s
   000F BD 00 00      [ 8]   18 	jsr ___Obj_Will_Hit_u; BIOS call
   0012 C6 00         [ 2]   19 	ldb #0
   0014 C9 00         [ 2]   20 	adcb #0
                             21 ;--- end asm ---
   0016 32 64         [ 5]   22 	leas	4,s
   0018 35 E0         [ 8]   23 	puls	y,u,pc
ASxxxx Assembler V05.00  (Motorola 6809), page 1.
Hexidecimal [16-Bits]

Symbol Table

    .__.$$$.       =   2710 L   |     .__.ABS.       =   0000 G
    .__.CPU.       =   0000 L   |     .__.H$L.       =   0001 L
  2 __Obj_Will_Hit     0000 GR  |     ___Obj_Will_Hi     **** GX

ASxxxx Assembler V05.00  (Motorola 6809), page 2.
Hexidecimal [16-Bits]

Area Table

[_CSEG]
   0 _CODE            size    0   flags C080
   2 .text            size   1A   flags  100
[_DSEG]
   1 _DATA            size    0   flags C0C0

