                              1 ;;; gcc for m6809 : Mar 17 2019 13:25:32
                              2 ;;; 4.3.6 (gcc6809)
                              3 ;;; ABI version 1
                              4 ;;; -mabi=bx -mint8 -fomit-frame-pointer -O0
                              5 	.module	vec_rum_16_02_Dot_py.c
                              6 	.area	.text
                              7 	.globl	__Dot_py
   0000                       8 __Dot_py:
   0000 34 20         [ 6]    9 	pshs	y
   0002 32 7E         [ 5]   10 	leas	-2,s
   0004 AF E4         [ 5]   11 	stx	,s
                             12 ;----- asm -----
                             13 ; 54 "source\vec_rum_16_02_Dot_py.c" 1
   0006 1F 12         [ 6]   14 	tfr x,y
   0008 BD 00 00      [ 8]   15 	jsr ___Dot_py; BIOS call
                             16 ;--- end asm ---
   000B 32 62         [ 5]   17 	leas	2,s
   000D 35 A0         [ 7]   18 	puls	y,pc
ASxxxx Assembler V05.00  (Motorola 6809), page 1.
Hexidecimal [16-Bits]

Symbol Table

    .__.$$$.       =   2710 L   |     .__.ABS.       =   0000 G
    .__.CPU.       =   0000 L   |     .__.H$L.       =   0001 L
  2 __Dot_py           0000 GR  |     ___Dot_py          **** GX

ASxxxx Assembler V05.00  (Motorola 6809), page 2.
Hexidecimal [16-Bits]

Area Table

[_CSEG]
   0 _CODE            size    0   flags C080
   2 .text            size    F   flags  100
[_DSEG]
   1 _DATA            size    0   flags C0C0

