                              1 ;;; gcc for m6809 : Mar 17 2019 13:25:32
                              2 ;;; 4.3.6 (gcc6809)
                              3 ;;; ABI version 1
                              4 ;;; -mabi=bx -mint8 -fomit-frame-pointer -O2
                              5 	.module	crt0.c
                              6 ;----- asm -----
                              7 	.bank rom(BASE=0x0000,SIZE=0x8000,FSFX=_rom)
                              8 	.area .cartridge	(BANK=rom) 
                              9 	.area .text  			(BANK=rom)
                             10 	.area .text.hot		(BANK=rom)
                             11 	.area .text.unlikely	(BANK=rom)
                             12 	
                             13 	.bank ram(BASE=0xc880,SIZE=0x036b,FSFX=_ram)
                             14 	.area .data  (BANK=ram)
                             15 	.area .bss   (BANK=ram)
                             16 	
                             17 		.area .text					
   0000                      18 	_crt0_init_data:				
   0000 CE 00 00      [ 3]   19 		ldu		#s_.text			
   0003 33 C9 00 00   [ 8]   20 		leau	l_.text,u			
   0007 33 C9 00 00   [ 8]   21 		leau	l_.text.hot,u		
   000B 33 C9 00 00   [ 8]   22 		leau	l_.text.unlikely,u	
   000F 10 8E 00 00   [ 4]   23 		ldy		#s_.data			
   0013 8E 00 00      [ 3]   24 		ldx		#l_.data			
   0016 27 08         [ 3]   25 		beq		_crt0_startup		
   0018                      26 	_crt0_copy_data:				
   0018 A6 C0         [ 6]   27 		lda		,u+					
   001A A7 A0         [ 6]   28 		sta		,y+					
   001C 30 1F         [ 5]   29 		leax	-1,x				
   001E 26 F8         [ 3]   30 		bne		_crt0_copy_data		
   0020                      31 	_crt0_startup:					
   0020 BD 00 00      [ 8]   32 		jsr		_main				
   0023 5D            [ 2]   33 		tstb						
   0024 2F 03         [ 3]   34 		ble		_crt0_restart		
   0026 7F CB FE      [ 7]   35 		clr		0xcbfe;	cold reset	
   0029                      36 	_crt0_restart:					
   0029 7E F0 00      [ 4]   37 		jmp 	0xf000;	rum			
                             38 	
ASxxxx Assembler V05.00  (Motorola 6809), page 1.
Hexidecimal [16-Bits]

Symbol Table

    .__.$$$.       =   2710 L   |     .__.ABS.       =   0000 G
    .__.CPU.       =   0000 L   |     .__.H$L.       =   0001 L
  3 _crt0_copy_dat     0018 R   |   3 _crt0_init_dat     0000 R
  3 _crt0_restart      0029 R   |   3 _crt0_startup      0020 R
    _main              **** GX  |     l_.data            **** GX
    l_.text            **** GX  |     l_.text.hot        **** GX
    l_.text.unlike     **** GX  |     s_.data            **** GX
    s_.text            **** GX

ASxxxx Assembler V05.00  (Motorola 6809), page 2.
Hexidecimal [16-Bits]

Area Table

[_CSEG]
   0 _CODE            size    0   flags C080
[_DSEG]
   1 _DATA            size    0   flags C0C0
[rom]
   2 .cartridge       size    0   flags 8080
   3 .text            size   2C   flags 8180
   4 .text.hot        size    0   flags 8080
   5 .text.unlikely   size    0   flags 8080
[ram]
   6 .data            size    0   flags 8080
   7 .bss             size    0   flags 8080

