                              1 
                              2 ;;; gcc for m6809 : Feb 15 2016 21:40:10
                              3 ;;; 4.3.6 (gcc6809)
                              4 ;;; ABI version 1
                              5 ;;; -mint8
                              6 	.module	vec_rum_0xf7.c
                              7 ;----- asm -----
                              8 	.bank page_f7 (BASE=0xf742,SIZE=0x00be)
                              9 	.area .0xf7 (OVR,BANK=page_f7)
                             10 	
                             11 ;--- end asm ---
                             12 	.globl ___Stop_Sound
                             13 	.area	.0xf7
   0000                      14 ___Stop_Sound:
   0000 00 00                15 	.word	0	;skip space 103
   0002 00 00                16 	.word	0	;skip space 101
   0004 00 00                17 	.word	0	;skip space 99
   0006 00 00                18 	.word	0	;skip space 97
   0008 00 00                19 	.word	0	;skip space 95
   000A 00 00                20 	.word	0	;skip space 93
   000C 00 00                21 	.word	0	;skip space 91
   000E 00 00                22 	.word	0	;skip space 89
   0010 00 00                23 	.word	0	;skip space 87
   0012 00 00                24 	.word	0	;skip space 85
   0014 00 00                25 	.word	0	;skip space 83
   0016 00 00                26 	.word	0	;skip space 81
   0018 00 00                27 	.word	0	;skip space 79
   001A 00 00                28 	.word	0	;skip space 77
   001C 00 00                29 	.word	0	;skip space 75
   001E 00 00                30 	.word	0	;skip space 73
   0020 00 00                31 	.word	0	;skip space 71
   0022 00 00                32 	.word	0	;skip space 69
   0024 00 00                33 	.word	0	;skip space 67
   0026 00 00                34 	.word	0	;skip space 65
   0028 00 00                35 	.word	0	;skip space 63
   002A 00 00                36 	.word	0	;skip space 61
   002C 00 00                37 	.word	0	;skip space 59
   002E 00 00                38 	.word	0	;skip space 57
   0030 00 00                39 	.word	0	;skip space 55
   0032 00 00                40 	.word	0	;skip space 53
   0034 00 00                41 	.word	0	;skip space 51
   0036 00 00                42 	.word	0	;skip space 49
   0038 00 00                43 	.word	0	;skip space 47
   003A 00 00                44 	.word	0	;skip space 45
   003C 00 00                45 	.word	0	;skip space 43
   003E 00 00                46 	.word	0	;skip space 41
   0040 00 00                47 	.word	0	;skip space 39
   0042 00 00                48 	.word	0	;skip space 37
   0044 00 00                49 	.word	0	;skip space 35
   0046 00 00                50 	.word	0	;skip space 33
   0048 00 00                51 	.word	0	;skip space 31
   004A 00 00                52 	.word	0	;skip space 29
   004C 00 00                53 	.word	0	;skip space 27
   004E 00 00                54 	.word	0	;skip space 25
   0050 00 00                55 	.word	0	;skip space 23
   0052 00 00                56 	.word	0	;skip space 21
   0054 00 00                57 	.word	0	;skip space 19
   0056 00 00                58 	.word	0	;skip space 17
   0058 00 00                59 	.word	0	;skip space 15
   005A 00 00                60 	.word	0	;skip space 13
   005C 00 00                61 	.word	0	;skip space 11
   005E 00 00                62 	.word	0	;skip space 9
   0060 00 00                63 	.word	0	;skip space 7
   0062 00 00                64 	.word	0	;skip space 5
   0064 00 00                65 	.word	0	;skip space 3
   0066 00                   66 	.byte	0	;skip space
                             67 	.globl ___Select_Game
   0067                      68 ___Select_Game:
   0067 00                   69 	.byte	0	;skip space
ASxxxx Assembler V05.00  (Motorola 6809), page 1.
Hexidecimal [16-Bits]

Symbol Table

    .__.$$$.       =   2710 L   |     .__.ABS.       =   0000 G
    .__.CPU.       =   0000 L   |     .__.H$L.       =   0001 L
  2 ___Select_Game     0067 GR  |   2 ___Stop_Sound      0000 GR

ASxxxx Assembler V05.00  (Motorola 6809), page 2.
Hexidecimal [16-Bits]

Area Table

[_CSEG]
   0 _CODE            size    0   flags C080
[_DSEG]
   1 _DATA            size    0   flags C0C0
[page_f7]
   2 .0xf7            size   68   flags 8584

