                              1 
                              2 ;;; gcc for m6809 : Feb 15 2016 21:40:10
                              3 ;;; 4.3.6 (gcc6809)
                              4 ;;; ABI version 1
                              5 ;;; -mint8
                              6 	.module	vec_rom_dpff_0.c
                              7 ;----- asm -----
                              8 	.bank page_00 (BASE=0x0000,SIZE=0x0100)
                              9 	.area direct (OVR,BANK=page_00)
                             10 	
                             11 ;--- end asm ---
                             12 	.globl _dp_Vec_Snd_shadow
                             13 	.area	direct
   0000                      14 _dp_Vec_Snd_shadow:
   0000 00 00                15 	.word	0	;skip space 22
   0002 00 00                16 	.word	0	;skip space 20
   0004 00 00                17 	.word	0	;skip space 18
   0006 00 00                18 	.word	0	;skip space 16
   0008 00 00                19 	.word	0	;skip space 14
   000A 00 00                20 	.word	0	;skip space 12
   000C 00 00                21 	.word	0	;skip space 10
   000E 00 00                22 	.word	0	;skip space 8
   0010 00 00                23 	.word	0	;skip space 6
   0012 00 00                24 	.word	0	;skip space 4
   0014 00 00                25 	.word	0	;skip space 2
                             26 	.globl _dp_Vec_ADSR_FADE8
   0016                      27 _dp_Vec_ADSR_FADE8:
   0016 00 00                28 	.word	0	;skip space 16
   0018 00 00                29 	.word	0	;skip space 14
   001A 00 00                30 	.word	0	;skip space 12
   001C 00 00                31 	.word	0	;skip space 10
   001E 00 00                32 	.word	0	;skip space 8
   0020 00 00                33 	.word	0	;skip space 6
   0022 00 00                34 	.word	0	;skip space 4
   0024 00 00                35 	.word	0	;skip space 2
                             36 	.globl _dp_Vec_Music_9
   0026                      37 _dp_Vec_Music_9:
   0026 00 00                38 	.word	0	;skip space 30
   0028 00 00                39 	.word	0	;skip space 28
   002A 00 00                40 	.word	0	;skip space 26
   002C 00 00                41 	.word	0	;skip space 24
   002E 00 00                42 	.word	0	;skip space 22
   0030 00 00                43 	.word	0	;skip space 20
   0032 00 00                44 	.word	0	;skip space 18
   0034 00 00                45 	.word	0	;skip space 16
   0036 00 00                46 	.word	0	;skip space 14
   0038 00 00                47 	.word	0	;skip space 12
   003A 00 00                48 	.word	0	;skip space 10
   003C 00 00                49 	.word	0	;skip space 8
   003E 00 00                50 	.word	0	;skip space 6
   0040 00 00                51 	.word	0	;skip space 4
   0042 00 00                52 	.word	0	;skip space 2
                             53 	.globl _dp_Vec_Music_a
   0044                      54 _dp_Vec_Music_a:
   0044 00 00                55 	.word	0	;skip space 30
   0046 00 00                56 	.word	0	;skip space 28
   0048 00 00                57 	.word	0	;skip space 26
   004A 00 00                58 	.word	0	;skip space 24
   004C 00 00                59 	.word	0	;skip space 22
   004E 00 00                60 	.word	0	;skip space 20
   0050 00 00                61 	.word	0	;skip space 18
   0052 00 00                62 	.word	0	;skip space 16
   0054 00 00                63 	.word	0	;skip space 14
   0056 00 00                64 	.word	0	;skip space 12
   0058 00 00                65 	.word	0	;skip space 10
   005A 00 00                66 	.word	0	;skip space 8
   005C 00 00                67 	.word	0	;skip space 6
   005E 00 00                68 	.word	0	;skip space 4
   0060 00 00                69 	.word	0	;skip space 2
                             70 	.globl _dp_Vec_Music_b
   0062                      71 _dp_Vec_Music_b:
   0062 00 00                72 	.word	0	;skip space 24
   0064 00 00                73 	.word	0	;skip space 22
   0066 00 00                74 	.word	0	;skip space 20
   0068 00 00                75 	.word	0	;skip space 18
   006A 00 00                76 	.word	0	;skip space 16
   006C 00 00                77 	.word	0	;skip space 14
   006E 00 00                78 	.word	0	;skip space 12
   0070 00 00                79 	.word	0	;skip space 10
   0072 00 00                80 	.word	0	;skip space 8
   0074 00 00                81 	.word	0	;skip space 6
   0076 00 00                82 	.word	0	;skip space 4
   0078 00 00                83 	.word	0	;skip space 2
                             84 	.globl _dp_Vec_Music_c
   007A                      85 _dp_Vec_Music_c:
   007A 00 00                86 	.word	0	;skip space 21
   007C 00 00                87 	.word	0	;skip space 19
   007E 00 00                88 	.word	0	;skip space 17
   0080 00 00                89 	.word	0	;skip space 15
   0082 00 00                90 	.word	0	;skip space 13
   0084 00 00                91 	.word	0	;skip space 11
   0086 00 00                92 	.word	0	;skip space 9
   0088 00 00                93 	.word	0	;skip space 7
   008A 00 00                94 	.word	0	;skip space 5
   008C 00 00                95 	.word	0	;skip space 3
   008E 00                   96 	.byte	0	;skip space
                             97 	.globl _dp_Vec_Music_d
   008F                      98 _dp_Vec_Music_d:
   008F 00                   99 	.byte	0	;skip space
ASxxxx Assembler V05.00  (Motorola 6809), page 1.
Hexidecimal [16-Bits]

Symbol Table

    .__.$$$.       =   2710 L   |     .__.ABS.       =   0000 G
    .__.CPU.       =   0000 L   |     .__.H$L.       =   0001 L
  2 _dp_Vec_ADSR_F     0016 GR  |   2 _dp_Vec_Music_     0026 GR
  2 _dp_Vec_Music_     0044 GR  |   2 _dp_Vec_Music_     0062 GR
  2 _dp_Vec_Music_     007A GR  |   2 _dp_Vec_Music_     008F GR
  2 _dp_Vec_Snd_sh     0000 GR

ASxxxx Assembler V05.00  (Motorola 6809), page 2.
Hexidecimal [16-Bits]

Area Table

[_CSEG]
   0 _CODE            size    0   flags C080
[_DSEG]
   1 _DATA            size    0   flags C0C0
[page_00]
   2 direct           size   90   flags 8584

