                              1 
                              2 ;;; gcc for m6809 : Feb 15 2016 21:40:10
                              3 ;;; 4.3.6 (gcc6809)
                              4 ;;; ABI version 1
                              5 ;;; -mint8
                              6 	.module	vec_rum_0xf4.c
                              7 ;----- asm -----
                              8 	.bank page_f4 (BASE=0xf404,SIZE=0x00f8)
                              9 	.area .0xf4 (OVR,BANK=page_f4)
                             10 	
                             11 ;--- end asm ---
                             12 	.globl ___Draw_VLp_FF
                             13 	.area	.0xf4
   0000                      14 ___Draw_VLp_FF:
   0000 00 00                15 	.word	0	;skip space 4
   0002 00 00                16 	.word	0	;skip space 2
                             17 	.globl ___Draw_VLp_7F
   0004                      18 ___Draw_VLp_7F:
   0004 00 00                19 	.word	0	;skip space 4
   0006 00 00                20 	.word	0	;skip space 2
                             21 	.globl ___Draw_VLp_scale
   0008                      22 ___Draw_VLp_scale:
   0008 00 00                23 	.word	0	;skip space 2
                             24 	.globl ___Draw_VLp_b
   000A                      25 ___Draw_VLp_b:
   000A 00 00                26 	.word	0	;skip space 2
                             27 	.globl ___Draw_VLp
   000C                      28 ___Draw_VLp:
   000C 00 00                29 	.word	0	;skip space 35
   000E 00 00                30 	.word	0	;skip space 33
   0010 00 00                31 	.word	0	;skip space 31
   0012 00 00                32 	.word	0	;skip space 29
   0014 00 00                33 	.word	0	;skip space 27
   0016 00 00                34 	.word	0	;skip space 25
   0018 00 00                35 	.word	0	;skip space 23
   001A 00 00                36 	.word	0	;skip space 21
   001C 00 00                37 	.word	0	;skip space 19
   001E 00 00                38 	.word	0	;skip space 17
   0020 00 00                39 	.word	0	;skip space 15
   0022 00 00                40 	.word	0	;skip space 13
   0024 00 00                41 	.word	0	;skip space 11
   0026 00 00                42 	.word	0	;skip space 9
   0028 00 00                43 	.word	0	;skip space 7
   002A 00 00                44 	.word	0	;skip space 5
   002C 00 00                45 	.word	0	;skip space 3
   002E 00                   46 	.byte	0	;skip space
                             47 	.globl ___Draw_Pat_VL_aa
   002F                      48 ___Draw_Pat_VL_aa:
   002F 00                   49 	.byte	0	;skip space
                             50 	.globl ___Draw_Pat_VL_a
   0030                      51 ___Draw_Pat_VL_a:
   0030 00 00                52 	.word	0	;skip space 3
   0032 00                   53 	.byte	0	;skip space
                             54 	.globl ___Draw_Pat_VL
   0033                      55 ___Draw_Pat_VL:
   0033 00 00                56 	.word	0	;skip space 2
                             57 	.globl ___Draw_Pat_VL_d
   0035                      58 ___Draw_Pat_VL_d:
   0035 00 00                59 	.word	0	;skip space 53
   0037 00 00                60 	.word	0	;skip space 51
   0039 00 00                61 	.word	0	;skip space 49
   003B 00 00                62 	.word	0	;skip space 47
   003D 00 00                63 	.word	0	;skip space 45
   003F 00 00                64 	.word	0	;skip space 43
   0041 00 00                65 	.word	0	;skip space 41
   0043 00 00                66 	.word	0	;skip space 39
   0045 00 00                67 	.word	0	;skip space 37
   0047 00 00                68 	.word	0	;skip space 35
   0049 00 00                69 	.word	0	;skip space 33
   004B 00 00                70 	.word	0	;skip space 31
   004D 00 00                71 	.word	0	;skip space 29
   004F 00 00                72 	.word	0	;skip space 27
   0051 00 00                73 	.word	0	;skip space 25
   0053 00 00                74 	.word	0	;skip space 23
   0055 00 00                75 	.word	0	;skip space 21
   0057 00 00                76 	.word	0	;skip space 19
   0059 00 00                77 	.word	0	;skip space 17
   005B 00 00                78 	.word	0	;skip space 15
   005D 00 00                79 	.word	0	;skip space 13
   005F 00 00                80 	.word	0	;skip space 11
   0061 00 00                81 	.word	0	;skip space 9
   0063 00 00                82 	.word	0	;skip space 7
   0065 00 00                83 	.word	0	;skip space 5
   0067 00 00                84 	.word	0	;skip space 3
   0069 00                   85 	.byte	0	;skip space
                             86 	.globl ___Draw_VL_mode
   006A                      87 ___Draw_VL_mode:
   006A 00 00                88 	.word	0	;skip space 39
   006C 00 00                89 	.word	0	;skip space 37
   006E 00 00                90 	.word	0	;skip space 35
   0070 00 00                91 	.word	0	;skip space 33
   0072 00 00                92 	.word	0	;skip space 31
   0074 00 00                93 	.word	0	;skip space 29
   0076 00 00                94 	.word	0	;skip space 27
   0078 00 00                95 	.word	0	;skip space 25
   007A 00 00                96 	.word	0	;skip space 23
   007C 00 00                97 	.word	0	;skip space 21
   007E 00 00                98 	.word	0	;skip space 19
   0080 00 00                99 	.word	0	;skip space 17
   0082 00 00               100 	.word	0	;skip space 15
   0084 00 00               101 	.word	0	;skip space 13
   0086 00 00               102 	.word	0	;skip space 11
   0088 00 00               103 	.word	0	;skip space 9
   008A 00 00               104 	.word	0	;skip space 7
   008C 00 00               105 	.word	0	;skip space 5
   008E 00 00               106 	.word	0	;skip space 3
   0090 00                  107 	.byte	0	;skip space
                            108 	.globl ___Print_Str
   0091                     109 ___Print_Str:
   0091 00 00               110 	.word	0	;skip space 3
   0093 00                  111 	.byte	0	;skip space
                            112 	.globl ___Print_MRast
   0094                     113 ___Print_MRast:
   0094 00                  114 	.byte	0	;skip space
ASxxxx Assembler V05.00  (Motorola 6809), page 1.
Hexidecimal [16-Bits]

Symbol Table

    .__.$$$.       =   2710 L   |     .__.ABS.       =   0000 G
    .__.CPU.       =   0000 L   |     .__.H$L.       =   0001 L
  2 ___Draw_Pat_VL     0033 GR  |   2 ___Draw_Pat_VL     0030 GR
  2 ___Draw_Pat_VL     002F GR  |   2 ___Draw_Pat_VL     0035 GR
  2 ___Draw_VL_mod     006A GR  |   2 ___Draw_VLp        000C GR
  2 ___Draw_VLp_7F     0004 GR  |   2 ___Draw_VLp_FF     0000 GR
  2 ___Draw_VLp_b      000A GR  |   2 ___Draw_VLp_sc     0008 GR
  2 ___Print_MRast     0094 GR  |   2 ___Print_Str       0091 GR

ASxxxx Assembler V05.00  (Motorola 6809), page 2.
Hexidecimal [16-Bits]

Area Table

[_CSEG]
   0 _CODE            size    0   flags C080
[_DSEG]
   1 _DATA            size    0   flags C0C0
[page_f4]
   2 .0xf4            size   95   flags 8584

