                              1 ;;; gcc for m6809 : Mar 11 2019 13:34:05
                              2 ;;; 4.3.6 (gcc6809)
                              3 ;;; ABI version 1
                              4 ;;; -mabi=bx -mint8 -fomit-frame-pointer -O2
                              5 	.module	vec_rom_dpfd_0.c
                              6 ;----- asm -----
                              7 	.bank page_00 (BASE=0x0000,SIZE=0x0100)
                              8 	.area .direct (OVR,BANK=page_00)
                              9 	
                             10 ;--- end asm ---
                             11 	.globl	_dp_Vec_Snd_shadow
                             12 	.area	.direct
   0000                      13 _dp_Vec_Snd_shadow:
   0000 00 00 00 00 00 00    14 	.word	0,0,0,0,0,0
        00 00 00 00 00 00
   000C 00                   15 	.byte	0
                             16 	.globl	_dp_Vec_Music_1
   000D                      17 _dp_Vec_Music_1:
   000D 00 00 00 00 00 00    18 	.word	0,0,0,0,0,0,0,0
        00 00 00 00 00 00
        00 00 00 00
                             19 	.globl	_dp_Vec_Music_2
   001D                      20 _dp_Vec_Music_2:
   001D 00 00 00 00 00 00    21 	.word	0,0,0,0,0,0,0,0,0,0,0,0,0,0,0,0
        00 00 00 00 00 00
        00 00 00 00 00 00
        00 00 00 00 00 00
        00 00 00 00 00 00
        00 00
   003D 00 00 00 00 00 00    22 	.word	0,0,0,0,0,0,0,0,0,0,0,0,0,0,0,0
        00 00 00 00 00 00
        00 00 00 00 00 00
        00 00 00 00 00 00
        00 00 00 00 00 00
        00 00
   005D 00 00 00 00 00 00    23 	.word	0,0,0,0,0,0
        00 00 00 00 00 00
                             24 	.globl	_dp_Vec_ADSR_FADE0
   0069                      25 _dp_Vec_ADSR_FADE0:
   0069 00 00 00 00 00 00    26 	.word	0,0,0,0,0,0,0,0
        00 00 00 00 00 00
        00 00 00 00
                             27 	.globl	_dp_Vec_TWANG_VIBE0
   0079                      28 _dp_Vec_TWANG_VIBE0:
   0079 00 00 00 00 00 00    29 	.word	0,0,0,0
        00 00
                             30 	.globl	_dp_Vec_Music_3
   0081                      31 _dp_Vec_Music_3:
   0081 00 00 00 00 00 00    32 	.word	0,0,0,0,0,0,0,0,0,0,0,0,0,0,0,0
        00 00 00 00 00 00
        00 00 00 00 00 00
        00 00 00 00 00 00
        00 00 00 00 00 00
        00 00
   00A1 00 00 00 00 00 00    33 	.word	0,0,0,0,0,0,0,0,0,0,0,0,0,0,0,0
        00 00 00 00 00 00
        00 00 00 00 00 00
        00 00 00 00 00 00
        00 00 00 00 00 00
        00 00
   00C1 00 00                34 	.word	0
                             35 	.globl	_dp_Vec_ADSR_FADE12
   00C3                      36 _dp_Vec_ADSR_FADE12:
   00C3 00 00 00 00 00 00    37 	.word	0,0,0,0,0,0,0,0
        00 00 00 00 00 00
        00 00 00 00
                             38 	.globl	_dp_Vec_Music_4
   00D3                      39 _dp_Vec_Music_4:
   00D3 00                   40 	.byte	0
ASxxxx Assembler V05.00  (Motorola 6809), page 1.
Hexidecimal [16-Bits]

Symbol Table

    .__.$$$.       =   2710 L   |     .__.ABS.       =   0000 G
    .__.CPU.       =   0000 L   |     .__.H$L.       =   0001 L
  2 _dp_Vec_ADSR_F     0069 GR  |   2 _dp_Vec_ADSR_F     00C3 GR
  2 _dp_Vec_Music_     000D GR  |   2 _dp_Vec_Music_     001D GR
  2 _dp_Vec_Music_     0081 GR  |   2 _dp_Vec_Music_     00D3 GR
  2 _dp_Vec_Snd_sh     0000 GR  |   2 _dp_Vec_TWANG_     0079 GR

ASxxxx Assembler V05.00  (Motorola 6809), page 2.
Hexidecimal [16-Bits]

Area Table

[_CSEG]
   0 _CODE            size    0   flags C080
[_DSEG]
   1 _DATA            size    0   flags C0C0
[page_00]
   2 .direct          size   D4   flags 8584

