                              1 
                              2 ;;; gcc for m6809 : Feb 15 2016 21:40:10
                              3 ;;; 4.3.6 (gcc6809)
                              4 ;;; ABI version 1
                              5 ;;; -mint8
                              6 	.module	vec_rom_dpfc_0.c
                              7 ;----- asm -----
                              8 	.bank page_00 (BASE=0x0000,SIZE=0x0100)
                              9 	.area direct (OVR,BANK=page_00)
                             10 	
                             11 ;--- end asm ---
                             12 	.globl _dp_Vec_Snd_shadow
                             13 	.area	direct
   0000                      14 _dp_Vec_Snd_shadow:
   0000 00 00                15 	.word	0	;skip space 109
   0002 00 00                16 	.word	0	;skip space 107
   0004 00 00                17 	.word	0	;skip space 105
   0006 00 00                18 	.word	0	;skip space 103
   0008 00 00                19 	.word	0	;skip space 101
   000A 00 00                20 	.word	0	;skip space 99
   000C 00 00                21 	.word	0	;skip space 97
   000E 00 00                22 	.word	0	;skip space 95
   0010 00 00                23 	.word	0	;skip space 93
   0012 00 00                24 	.word	0	;skip space 91
   0014 00 00                25 	.word	0	;skip space 89
   0016 00 00                26 	.word	0	;skip space 87
   0018 00 00                27 	.word	0	;skip space 85
   001A 00 00                28 	.word	0	;skip space 83
   001C 00 00                29 	.word	0	;skip space 81
   001E 00 00                30 	.word	0	;skip space 79
   0020 00 00                31 	.word	0	;skip space 77
   0022 00 00                32 	.word	0	;skip space 75
   0024 00 00                33 	.word	0	;skip space 73
   0026 00 00                34 	.word	0	;skip space 71
   0028 00 00                35 	.word	0	;skip space 69
   002A 00 00                36 	.word	0	;skip space 67
   002C 00 00                37 	.word	0	;skip space 65
   002E 00 00                38 	.word	0	;skip space 63
   0030 00 00                39 	.word	0	;skip space 61
   0032 00 00                40 	.word	0	;skip space 59
   0034 00 00                41 	.word	0	;skip space 57
   0036 00 00                42 	.word	0	;skip space 55
   0038 00 00                43 	.word	0	;skip space 53
   003A 00 00                44 	.word	0	;skip space 51
   003C 00 00                45 	.word	0	;skip space 49
   003E 00 00                46 	.word	0	;skip space 47
   0040 00 00                47 	.word	0	;skip space 45
   0042 00 00                48 	.word	0	;skip space 43
   0044 00 00                49 	.word	0	;skip space 41
   0046 00 00                50 	.word	0	;skip space 39
   0048 00 00                51 	.word	0	;skip space 37
   004A 00 00                52 	.word	0	;skip space 35
   004C 00 00                53 	.word	0	;skip space 33
   004E 00 00                54 	.word	0	;skip space 31
   0050 00 00                55 	.word	0	;skip space 29
   0052 00 00                56 	.word	0	;skip space 27
   0054 00 00                57 	.word	0	;skip space 25
   0056 00 00                58 	.word	0	;skip space 23
   0058 00 00                59 	.word	0	;skip space 21
   005A 00 00                60 	.word	0	;skip space 19
   005C 00 00                61 	.word	0	;skip space 17
   005E 00 00                62 	.word	0	;skip space 15
   0060 00 00                63 	.word	0	;skip space 13
   0062 00 00                64 	.word	0	;skip space 11
   0064 00 00                65 	.word	0	;skip space 9
   0066 00 00                66 	.word	0	;skip space 7
   0068 00 00                67 	.word	0	;skip space 5
   006A 00 00                68 	.word	0	;skip space 3
   006C 00                   69 	.byte	0	;skip space
                             70 	.globl _dp_Vec_Sine_Table
   006D                      71 _dp_Vec_Sine_Table:
   006D 00 00                72 	.word	0	;skip space 16
   006F 00 00                73 	.word	0	;skip space 14
   0071 00 00                74 	.word	0	;skip space 12
   0073 00 00                75 	.word	0	;skip space 10
   0075 00 00                76 	.word	0	;skip space 8
   0077 00 00                77 	.word	0	;skip space 6
   0079 00 00                78 	.word	0	;skip space 4
   007B 00 00                79 	.word	0	;skip space 2
                             80 	.globl _dp_Vec_Cosine_Table
   007D                      81 _dp_Vec_Cosine_Table:
   007D 00 00                82 	.word	0	;skip space 16
   007F 00 00                83 	.word	0	;skip space 14
   0081 00 00                84 	.word	0	;skip space 12
   0083 00 00                85 	.word	0	;skip space 10
   0085 00 00                86 	.word	0	;skip space 8
   0087 00 00                87 	.word	0	;skip space 6
   0089 00 00                88 	.word	0	;skip space 4
   008B 00 00                89 	.word	0	;skip space 2
                             90 	.globl _dp_Vec_Note_Table
   008D                      91 _dp_Vec_Note_Table:
   008D 00                   92 	.byte	0	;skip space
ASxxxx Assembler V05.00  (Motorola 6809), page 1.
Hexidecimal [16-Bits]

Symbol Table

    .__.$$$.       =   2710 L   |     .__.ABS.       =   0000 G
    .__.CPU.       =   0000 L   |     .__.H$L.       =   0001 L
  2 _dp_Vec_Cosine     007D GR  |   2 _dp_Vec_Note_T     008D GR
  2 _dp_Vec_Sine_T     006D GR  |   2 _dp_Vec_Snd_sh     0000 GR

ASxxxx Assembler V05.00  (Motorola 6809), page 2.
Hexidecimal [16-Bits]

Area Table

[_CSEG]
   0 _CODE            size    0   flags C080
[_DSEG]
   1 _DATA            size    0   flags C0C0
[page_00]
   2 direct           size   8E   flags 8584

