                              1 
                              2 ;;; gcc for m6809 : Feb 15 2016 21:40:10
                              3 ;;; 4.3.6 (gcc6809)
                              4 ;;; ABI version 1
                              5 ;;; -mint8
                              6 	.module	vec_rum_0xf3.c
                              7 ;----- asm -----
                              8 	.bank page_f3 (BASE=0xf308,SIZE=0x00f8)
                              9 	.area .0xf3 (OVR,BANK=page_f3)
                             10 	
                             11 ;--- end asm ---
                             12 	.globl ___Moveto_ix_FF
                             13 	.area	.0xf3
   0000                      14 ___Moveto_ix_FF:
   0000 00 00                15 	.word	0	;skip space 4
   0002 00 00                16 	.word	0	;skip space 2
                             17 	.globl ___Moveto_ix_7F
   0004                      18 ___Moveto_ix_7F:
   0004 00 00                19 	.word	0	;skip space 2
                             20 	.globl ___Moveto_ix_b
   0006                      21 ___Moveto_ix_b:
   0006 00 00                22 	.word	0	;skip space 2
                             23 	.globl ___Moveto_ix
   0008                      24 ___Moveto_ix:
   0008 00 00                25 	.word	0	;skip space 2
                             26 	.globl ___Moveto_d
   000A                      27 ___Moveto_d:
   000A 00 00                28 	.word	0	;skip space 56
   000C 00 00                29 	.word	0	;skip space 54
   000E 00 00                30 	.word	0	;skip space 52
   0010 00 00                31 	.word	0	;skip space 50
   0012 00 00                32 	.word	0	;skip space 48
   0014 00 00                33 	.word	0	;skip space 46
   0016 00 00                34 	.word	0	;skip space 44
   0018 00 00                35 	.word	0	;skip space 42
   001A 00 00                36 	.word	0	;skip space 40
   001C 00 00                37 	.word	0	;skip space 38
   001E 00 00                38 	.word	0	;skip space 36
   0020 00 00                39 	.word	0	;skip space 34
   0022 00 00                40 	.word	0	;skip space 32
   0024 00 00                41 	.word	0	;skip space 30
   0026 00 00                42 	.word	0	;skip space 28
   0028 00 00                43 	.word	0	;skip space 26
   002A 00 00                44 	.word	0	;skip space 24
   002C 00 00                45 	.word	0	;skip space 22
   002E 00 00                46 	.word	0	;skip space 20
   0030 00 00                47 	.word	0	;skip space 18
   0032 00 00                48 	.word	0	;skip space 16
   0034 00 00                49 	.word	0	;skip space 14
   0036 00 00                50 	.word	0	;skip space 12
   0038 00 00                51 	.word	0	;skip space 10
   003A 00 00                52 	.word	0	;skip space 8
   003C 00 00                53 	.word	0	;skip space 6
   003E 00 00                54 	.word	0	;skip space 4
   0040 00 00                55 	.word	0	;skip space 2
                             56 	.globl ___Reset0Ref_D0
   0042                      57 ___Reset0Ref_D0:
   0042 00 00                58 	.word	0	;skip space 5
   0044 00 00                59 	.word	0	;skip space 3
   0046 00                   60 	.byte	0	;skip space
                             61 	.globl ___Check0Ref
   0047                      62 ___Check0Ref:
   0047 00 00                63 	.word	0	;skip space 5
   0049 00 00                64 	.word	0	;skip space 3
   004B 00                   65 	.byte	0	;skip space
                             66 	.globl ___Reset0Ref
   004C                      67 ___Reset0Ref:
   004C 00 00                68 	.word	0	;skip space 7
   004E 00 00                69 	.word	0	;skip space 5
   0050 00 00                70 	.word	0	;skip space 3
   0052 00                   71 	.byte	0	;skip space
                             72 	.globl ___Reset_Pen
   0053                      73 ___Reset_Pen:
   0053 00 00                74 	.word	0	;skip space 16
   0055 00 00                75 	.word	0	;skip space 14
   0057 00 00                76 	.word	0	;skip space 12
   0059 00 00                77 	.word	0	;skip space 10
   005B 00 00                78 	.word	0	;skip space 8
   005D 00 00                79 	.word	0	;skip space 6
   005F 00 00                80 	.word	0	;skip space 4
   0061 00 00                81 	.word	0	;skip space 2
                             82 	.globl ___Reset0Int
   0063                      83 ___Reset0Int:
   0063 00 00                84 	.word	0	;skip space 8
   0065 00 00                85 	.word	0	;skip space 6
   0067 00 00                86 	.word	0	;skip space 4
   0069 00 00                87 	.word	0	;skip space 2
                             88 	.globl ___Print_Str_hwyx
   006B                      89 ___Print_Str_hwyx:
   006B 00 00                90 	.word	0	;skip space 5
   006D 00 00                91 	.word	0	;skip space 3
   006F 00                   92 	.byte	0	;skip space
                             93 	.globl ___Print_Str_yx
   0070                      94 ___Print_Str_yx:
   0070 00 00                95 	.word	0	;skip space 2
                             96 	.globl ___Print_Str_d
   0072                      97 ___Print_Str_d:
   0072 00 00                98 	.word	0	;skip space 11
   0074 00 00                99 	.word	0	;skip space 9
   0076 00 00               100 	.word	0	;skip space 7
   0078 00 00               101 	.word	0	;skip space 5
   007A 00 00               102 	.word	0	;skip space 3
   007C 00                  103 	.byte	0	;skip space
                            104 	.globl ___Print_List_hw
   007D                     105 ___Print_List_hw:
   007D 00 00               106 	.word	0	;skip space 5
   007F 00 00               107 	.word	0	;skip space 3
   0081 00                  108 	.byte	0	;skip space
                            109 	.globl ___Print_List
   0082                     110 ___Print_List:
   0082 00 00               111 	.word	0	;skip space 2
                            112 	.globl ___Print_List_chk
   0084                     113 ___Print_List_chk:
   0084 00 00               114 	.word	0	;skip space 5
   0086 00 00               115 	.word	0	;skip space 3
   0088 00                  116 	.byte	0	;skip space
                            117 	.globl ___Print_Ships_x
   0089                     118 ___Print_Ships_x:
   0089 00 00               119 	.word	0	;skip space 2
                            120 	.globl ___Print_Ships
   008B                     121 ___Print_Ships:
   008B 00 00               122 	.word	0	;skip space 26
   008D 00 00               123 	.word	0	;skip space 24
   008F 00 00               124 	.word	0	;skip space 22
   0091 00 00               125 	.word	0	;skip space 20
   0093 00 00               126 	.word	0	;skip space 18
   0095 00 00               127 	.word	0	;skip space 16
   0097 00 00               128 	.word	0	;skip space 14
   0099 00 00               129 	.word	0	;skip space 12
   009B 00 00               130 	.word	0	;skip space 10
   009D 00 00               131 	.word	0	;skip space 8
   009F 00 00               132 	.word	0	;skip space 6
   00A1 00 00               133 	.word	0	;skip space 4
   00A3 00 00               134 	.word	0	;skip space 2
                            135 	.globl ___Mov_Draw_VLc_a
   00A5                     136 ___Mov_Draw_VLc_a:
   00A5 00 00               137 	.word	0	;skip space 4
   00A7 00 00               138 	.word	0	;skip space 2
                            139 	.globl ___Mov_Draw_VL_b
   00A9                     140 ___Mov_Draw_VL_b:
   00A9 00 00               141 	.word	0	;skip space 4
   00AB 00 00               142 	.word	0	;skip space 2
                            143 	.globl ___Mov_Draw_VLcs
   00AD                     144 ___Mov_Draw_VLcs:
   00AD 00 00               145 	.word	0	;skip space 2
                            146 	.globl ___Mov_Draw_VL_ab
   00AF                     147 ___Mov_Draw_VL_ab:
   00AF 00 00               148 	.word	0	;skip space 2
                            149 	.globl ___Mov_Draw_VL_a
   00B1                     150 ___Mov_Draw_VL_a:
   00B1 00 00               151 	.word	0	;skip space 3
   00B3 00                  152 	.byte	0	;skip space
                            153 	.globl ___Mov_Draw_VL
   00B4                     154 ___Mov_Draw_VL:
   00B4 00 00               155 	.word	0	;skip space 2
                            156 	.globl ___Mov_Draw_VL_d
   00B6                     157 ___Mov_Draw_VL_d:
   00B6 00 00               158 	.word	0	;skip space 16
   00B8 00 00               159 	.word	0	;skip space 14
   00BA 00 00               160 	.word	0	;skip space 12
   00BC 00 00               161 	.word	0	;skip space 10
   00BE 00 00               162 	.word	0	;skip space 8
   00C0 00 00               163 	.word	0	;skip space 6
   00C2 00 00               164 	.word	0	;skip space 4
   00C4 00 00               165 	.word	0	;skip space 2
                            166 	.globl ___Draw_VLc
   00C6                     167 ___Draw_VLc:
   00C6 00 00               168 	.word	0	;skip space 4
   00C8 00 00               169 	.word	0	;skip space 2
                            170 	.globl ___Draw_VL_b
   00CA                     171 ___Draw_VL_b:
   00CA 00 00               172 	.word	0	;skip space 4
   00CC 00 00               173 	.word	0	;skip space 2
                            174 	.globl ___Draw_VLcs
   00CE                     175 ___Draw_VLcs:
   00CE 00 00               176 	.word	0	;skip space 2
                            177 	.globl ___Draw_VL_ab
   00D0                     178 ___Draw_VL_ab:
   00D0 00 00               179 	.word	0	;skip space 2
                            180 	.globl ___Draw_VL_a
   00D2                     181 ___Draw_VL_a:
   00D2 00 00               182 	.word	0	;skip space 3
   00D4 00                  183 	.byte	0	;skip space
                            184 	.globl ___Draw_VL
   00D5                     185 ___Draw_VL:
   00D5 00 00               186 	.word	0	;skip space 2
                            187 	.globl ___Draw_Line_d
   00D7                     188 ___Draw_Line_d:
   00D7 00                  189 	.byte	0	;skip space
ASxxxx Assembler V05.00  (Motorola 6809), page 1.
Hexidecimal [16-Bits]

Symbol Table

    .__.$$$.       =   2710 L   |     .__.ABS.       =   0000 G
    .__.CPU.       =   0000 L   |     .__.H$L.       =   0001 L
  2 ___Check0Ref       0047 GR  |   2 ___Draw_Line_d     00D7 GR
  2 ___Draw_VL         00D5 GR  |   2 ___Draw_VL_a       00D2 GR
  2 ___Draw_VL_ab      00D0 GR  |   2 ___Draw_VL_b       00CA GR
  2 ___Draw_VLc        00C6 GR  |   2 ___Draw_VLcs       00CE GR
  2 ___Mov_Draw_VL     00B4 GR  |   2 ___Mov_Draw_VL     00B1 GR
  2 ___Mov_Draw_VL     00AF GR  |   2 ___Mov_Draw_VL     00A9 GR
  2 ___Mov_Draw_VL     00B6 GR  |   2 ___Mov_Draw_VL     00A5 GR
  2 ___Mov_Draw_VL     00AD GR  |   2 ___Moveto_d        000A GR
  2 ___Moveto_ix       0008 GR  |   2 ___Moveto_ix_7     0004 GR
  2 ___Moveto_ix_F     0000 GR  |   2 ___Moveto_ix_b     0006 GR
  2 ___Print_List      0082 GR  |   2 ___Print_List_     0084 GR
  2 ___Print_List_     007D GR  |   2 ___Print_Ships     008B GR
  2 ___Print_Ships     0089 GR  |   2 ___Print_Str_d     0072 GR
  2 ___Print_Str_h     006B GR  |   2 ___Print_Str_y     0070 GR
  2 ___Reset0Int       0063 GR  |   2 ___Reset0Ref       004C GR
  2 ___Reset0Ref_D     0042 GR  |   2 ___Reset_Pen       0053 GR

ASxxxx Assembler V05.00  (Motorola 6809), page 2.
Hexidecimal [16-Bits]

Area Table

[_CSEG]
   0 _CODE            size    0   flags C080
[_DSEG]
   1 _DATA            size    0   flags C0C0
[page_f3]
   2 .0xf3            size   D8   flags 8584

