                              1 
                              2 ;;; gcc for m6809 : Feb 15 2016 21:40:10
                              3 ;;; 4.3.6 (gcc6809)
                              4 ;;; ABI version 1
                              5 ;;; -mint8
                              6 	.module	vec_ram_dpcb_1.c
                              7 ;----- asm -----
                              8 	.bank page_00 (BASE=0x0000,SIZE=0x0100)
                              9 	.area direct (OVR,BANK=page_00)
                             10 	
                             11 ;--- end asm ---
                             12 	.globl _dp_Vec_Snd_shadow
                             13 	.area	direct
   0000                      14 _dp_Vec_Snd_shadow:
   0000 00 00                15 	.word	0	;skip space 235
   0002 00 00                16 	.word	0	;skip space 233
   0004 00 00                17 	.word	0	;skip space 231
   0006 00 00                18 	.word	0	;skip space 229
   0008 00 00                19 	.word	0	;skip space 227
   000A 00 00                20 	.word	0	;skip space 225
   000C 00 00                21 	.word	0	;skip space 223
   000E 00 00                22 	.word	0	;skip space 221
   0010 00 00                23 	.word	0	;skip space 219
   0012 00 00                24 	.word	0	;skip space 217
   0014 00 00                25 	.word	0	;skip space 215
   0016 00 00                26 	.word	0	;skip space 213
   0018 00 00                27 	.word	0	;skip space 211
   001A 00 00                28 	.word	0	;skip space 209
   001C 00 00                29 	.word	0	;skip space 207
   001E 00 00                30 	.word	0	;skip space 205
   0020 00 00                31 	.word	0	;skip space 203
   0022 00 00                32 	.word	0	;skip space 201
   0024 00 00                33 	.word	0	;skip space 199
   0026 00 00                34 	.word	0	;skip space 197
   0028 00 00                35 	.word	0	;skip space 195
   002A 00 00                36 	.word	0	;skip space 193
   002C 00 00                37 	.word	0	;skip space 191
   002E 00 00                38 	.word	0	;skip space 189
   0030 00 00                39 	.word	0	;skip space 187
   0032 00 00                40 	.word	0	;skip space 185
   0034 00 00                41 	.word	0	;skip space 183
   0036 00 00                42 	.word	0	;skip space 181
   0038 00 00                43 	.word	0	;skip space 179
   003A 00 00                44 	.word	0	;skip space 177
   003C 00 00                45 	.word	0	;skip space 175
   003E 00 00                46 	.word	0	;skip space 173
   0040 00 00                47 	.word	0	;skip space 171
   0042 00 00                48 	.word	0	;skip space 169
   0044 00 00                49 	.word	0	;skip space 167
   0046 00 00                50 	.word	0	;skip space 165
   0048 00 00                51 	.word	0	;skip space 163
   004A 00 00                52 	.word	0	;skip space 161
   004C 00 00                53 	.word	0	;skip space 159
   004E 00 00                54 	.word	0	;skip space 157
   0050 00 00                55 	.word	0	;skip space 155
   0052 00 00                56 	.word	0	;skip space 153
   0054 00 00                57 	.word	0	;skip space 151
   0056 00 00                58 	.word	0	;skip space 149
   0058 00 00                59 	.word	0	;skip space 147
   005A 00 00                60 	.word	0	;skip space 145
   005C 00 00                61 	.word	0	;skip space 143
   005E 00 00                62 	.word	0	;skip space 141
   0060 00 00                63 	.word	0	;skip space 139
   0062 00 00                64 	.word	0	;skip space 137
   0064 00 00                65 	.word	0	;skip space 135
   0066 00 00                66 	.word	0	;skip space 133
   0068 00 00                67 	.word	0	;skip space 131
   006A 00 00                68 	.word	0	;skip space 129
   006C 00 00                69 	.word	0	;skip space 127
   006E 00 00                70 	.word	0	;skip space 125
   0070 00 00                71 	.word	0	;skip space 123
   0072 00 00                72 	.word	0	;skip space 121
   0074 00 00                73 	.word	0	;skip space 119
   0076 00 00                74 	.word	0	;skip space 117
   0078 00 00                75 	.word	0	;skip space 115
   007A 00 00                76 	.word	0	;skip space 113
   007C 00 00                77 	.word	0	;skip space 111
   007E 00 00                78 	.word	0	;skip space 109
   0080 00 00                79 	.word	0	;skip space 107
   0082 00 00                80 	.word	0	;skip space 105
   0084 00 00                81 	.word	0	;skip space 103
   0086 00 00                82 	.word	0	;skip space 101
   0088 00 00                83 	.word	0	;skip space 99
   008A 00 00                84 	.word	0	;skip space 97
   008C 00 00                85 	.word	0	;skip space 95
   008E 00 00                86 	.word	0	;skip space 93
   0090 00 00                87 	.word	0	;skip space 91
   0092 00 00                88 	.word	0	;skip space 89
   0094 00 00                89 	.word	0	;skip space 87
   0096 00 00                90 	.word	0	;skip space 85
   0098 00 00                91 	.word	0	;skip space 83
   009A 00 00                92 	.word	0	;skip space 81
   009C 00 00                93 	.word	0	;skip space 79
   009E 00 00                94 	.word	0	;skip space 77
   00A0 00 00                95 	.word	0	;skip space 75
   00A2 00 00                96 	.word	0	;skip space 73
   00A4 00 00                97 	.word	0	;skip space 71
   00A6 00 00                98 	.word	0	;skip space 69
   00A8 00 00                99 	.word	0	;skip space 67
   00AA 00 00               100 	.word	0	;skip space 65
   00AC 00 00               101 	.word	0	;skip space 63
   00AE 00 00               102 	.word	0	;skip space 61
   00B0 00 00               103 	.word	0	;skip space 59
   00B2 00 00               104 	.word	0	;skip space 57
   00B4 00 00               105 	.word	0	;skip space 55
   00B6 00 00               106 	.word	0	;skip space 53
   00B8 00 00               107 	.word	0	;skip space 51
   00BA 00 00               108 	.word	0	;skip space 49
   00BC 00 00               109 	.word	0	;skip space 47
   00BE 00 00               110 	.word	0	;skip space 45
   00C0 00 00               111 	.word	0	;skip space 43
   00C2 00 00               112 	.word	0	;skip space 41
   00C4 00 00               113 	.word	0	;skip space 39
   00C6 00 00               114 	.word	0	;skip space 37
   00C8 00 00               115 	.word	0	;skip space 35
   00CA 00 00               116 	.word	0	;skip space 33
   00CC 00 00               117 	.word	0	;skip space 31
   00CE 00 00               118 	.word	0	;skip space 29
   00D0 00 00               119 	.word	0	;skip space 27
   00D2 00 00               120 	.word	0	;skip space 25
   00D4 00 00               121 	.word	0	;skip space 23
   00D6 00 00               122 	.word	0	;skip space 21
   00D8 00 00               123 	.word	0	;skip space 19
   00DA 00 00               124 	.word	0	;skip space 17
   00DC 00 00               125 	.word	0	;skip space 15
   00DE 00 00               126 	.word	0	;skip space 13
   00E0 00 00               127 	.word	0	;skip space 11
   00E2 00 00               128 	.word	0	;skip space 9
   00E4 00 00               129 	.word	0	;skip space 7
   00E6 00 00               130 	.word	0	;skip space 5
   00E8 00 00               131 	.word	0	;skip space 3
   00EA 00                  132 	.byte	0	;skip space
                            133 	.globl _dp_Vec_High_score
   00EB                     134 _dp_Vec_High_score:
   00EB 00 00               135 	.word	0	;skip space 7
   00ED 00 00               136 	.word	0	;skip space 5
   00EF 00 00               137 	.word	0	;skip space 3
   00F1 00                  138 	.byte	0	;skip space
                            139 	.globl _dp_Vec_SWI3_vector
   00F2                     140 _dp_Vec_SWI3_vector:
   00F2 00 00               141 	.word	0	;skip space 3
   00F4 00                  142 	.byte	0	;skip space
                            143 	.globl _dp_Vec_FIRQ_vector
   00F5                     144 _dp_Vec_FIRQ_vector:
   00F5 00 00               145 	.word	0	;skip space 3
   00F7 00                  146 	.byte	0	;skip space
                            147 	.globl _dp_Vec_IRQ_vector
   00F8                     148 _dp_Vec_IRQ_vector:
   00F8 00 00               149 	.word	0	;skip space 3
   00FA 00                  150 	.byte	0	;skip space
                            151 	.globl _dp_Vec_SWI_vector
   00FB                     152 _dp_Vec_SWI_vector:
   00FB 00 00               153 	.word	0	;skip space 3
   00FD 00                  154 	.byte	0	;skip space
ASxxxx Assembler V05.00  (Motorola 6809), page 1.
Hexidecimal [16-Bits]

Symbol Table

    .__.$$$.       =   2710 L   |     .__.ABS.       =   0000 G
    .__.CPU.       =   0000 L   |     .__.H$L.       =   0001 L
  2 _dp_Vec_FIRQ_v     00F5 GR  |   2 _dp_Vec_High_s     00EB GR
  2 _dp_Vec_IRQ_ve     00F8 GR  |   2 _dp_Vec_SWI3_v     00F2 GR
  2 _dp_Vec_SWI_ve     00FB GR  |   2 _dp_Vec_Snd_sh     0000 GR

ASxxxx Assembler V05.00  (Motorola 6809), page 2.
Hexidecimal [16-Bits]

Area Table

[_CSEG]
   0 _CODE            size    0   flags C080
[_DSEG]
   1 _DATA            size    0   flags C0C0
[page_00]
   2 direct           size   FE   flags 8584

