                              1 ;;; gcc for m6809 : Mar 11 2019 13:34:05
                              2 ;;; 4.3.6 (gcc6809)
                              3 ;;; ABI version 1
                              4 ;;; -mabi=bx -mint8 -fomit-frame-pointer -O2
                              5 	.module	vec_rom_dpfe_0.c
                              6 ;----- asm -----
                              7 	.bank page_00 (BASE=0x0000,SIZE=0x0100)
                              8 	.area .direct (OVR,BANK=page_00)
                              9 	
                             10 ;--- end asm ---
                             11 	.globl	_dp_Vec_Snd_shadow
                             12 	.area	.direct
   0000                      13 _dp_Vec_Snd_shadow:
   0000 00 00 00 00 00 00    14 	.word	0,0,0,0,0,0,0,0,0,0,0,0,0,0,0,0
        00 00 00 00 00 00
        00 00 00 00 00 00
        00 00 00 00 00 00
        00 00 00 00 00 00
        00 00
   0020 00 00 00 00 00 00    15 	.word	0,0,0,0
        00 00
                             16 	.globl	_dp_Vec_ADSR_FADE1
   0028                      17 _dp_Vec_ADSR_FADE1:
   0028 00 00 00 00 00 00    18 	.word	0,0,0,0,0,0,0,0
        00 00 00 00 00 00
        00 00 00 00
                             19 	.globl	_dp_Vec_Music_5
   0038                      20 _dp_Vec_Music_5:
   0038 00 00 00 00 00 00    21 	.word	0,0,0,0,0,0,0,0,0,0,0,0,0,0,0,0
        00 00 00 00 00 00
        00 00 00 00 00 00
        00 00 00 00 00 00
        00 00 00 00 00 00
        00 00
   0058 00 00 00 00 00 00    22 	.word	0,0,0,0,0,0,0
        00 00 00 00 00 00
        00 00
                             23 	.globl	_dp_Vec_ADSR_FADE2
   0066                      24 _dp_Vec_ADSR_FADE2:
   0066 00 00 00 00 00 00    25 	.word	0,0,0,0,0,0,0,0
        00 00 00 00 00 00
        00 00 00 00
                             26 	.globl	_dp_Vec_Music_6
   0076                      27 _dp_Vec_Music_6:
   0076 00 00 00 00 00 00    28 	.word	0,0,0,0,0,0,0,0,0,0,0,0,0,0,0,0
        00 00 00 00 00 00
        00 00 00 00 00 00
        00 00 00 00 00 00
        00 00 00 00 00 00
        00 00
   0096 00 00 00 00 00 00    29 	.word	0,0,0,0,0,0,0,0,0,0,0,0,0,0
        00 00 00 00 00 00
        00 00 00 00 00 00
        00 00 00 00 00 00
        00 00 00 00
                             30 	.globl	_dp_Vec_ADSR_FADE3
   00B2                      31 _dp_Vec_ADSR_FADE3:
   00B2 00 00 00 00          32 	.word	0,0
                             33 	.globl	_dp_Vec_TWANG_VIBEHL
   00B6                      34 _dp_Vec_TWANG_VIBEHL:
   00B6 00 00 00 00 00 00    35 	.word	0,0,0,0,0,0,0,0
        00 00 00 00 00 00
        00 00 00 00
                             36 	.globl	_dp_Vec_Music_7
   00C6                      37 _dp_Vec_Music_7:
   00C6 00 00 00 00 00 00    38 	.word	0,0,0,0,0,0,0,0,0,0,0,0,0,0,0,0
        00 00 00 00 00 00
        00 00 00 00 00 00
        00 00 00 00 00 00
        00 00 00 00 00 00
        00 00
   00E6 00 00                39 	.word	0
                             40 	.globl	_dp_Vec_ADSR_FADE4
   00E8                      41 _dp_Vec_ADSR_FADE4:
   00E8 00 00 00 00 00 00    42 	.word	0,0,0,0,0,0,0,0
        00 00 00 00 00 00
        00 00 00 00
                             43 	.globl	_dp_Vec_Music_8
   00F8                      44 _dp_Vec_Music_8:
   00F8 00                   45 	.byte	0
ASxxxx Assembler V05.00  (Motorola 6809), page 1.
Hexidecimal [16-Bits]

Symbol Table

    .__.$$$.       =   2710 L   |     .__.ABS.       =   0000 G
    .__.CPU.       =   0000 L   |     .__.H$L.       =   0001 L
  2 _dp_Vec_ADSR_F     0028 GR  |   2 _dp_Vec_ADSR_F     0066 GR
  2 _dp_Vec_ADSR_F     00B2 GR  |   2 _dp_Vec_ADSR_F     00E8 GR
  2 _dp_Vec_Music_     0038 GR  |   2 _dp_Vec_Music_     0076 GR
  2 _dp_Vec_Music_     00C6 GR  |   2 _dp_Vec_Music_     00F8 GR
  2 _dp_Vec_Snd_sh     0000 GR  |   2 _dp_Vec_TWANG_     00B6 GR

ASxxxx Assembler V05.00  (Motorola 6809), page 2.
Hexidecimal [16-Bits]

Area Table

[_CSEG]
   0 _CODE            size    0   flags C080
[_DSEG]
   1 _DATA            size    0   flags C0C0
[page_00]
   2 .direct          size   F9   flags 8584

