                              1 
                              2 ;;; gcc for m6809 : Feb 15 2016 21:40:10
                              3 ;;; 4.3.6 (gcc6809)
                              4 ;;; ABI version 1
                              5 ;;; -mint8
                              6 	.module	vec_rum_0xf2.c
                              7 ;----- asm -----
                              8 	.bank page_f2 (BASE=0xf256,SIZE=0x00aa)
                              9 	.area .0xf2 (OVR,BANK=page_f2)
                             10 	
                             11 ;--- end asm ---
                             12 	.globl ___Sound_Byte
                             13 	.area	.0xf2
   0000                      14 ___Sound_Byte:
   0000 00 00                15 	.word	0	;skip space 3
   0002 00                   16 	.byte	0	;skip space
                             17 	.globl ___Sound_Byte_x
   0003                      18 ___Sound_Byte_x:
   0003 00 00                19 	.word	0	;skip space 25
   0005 00 00                20 	.word	0	;skip space 23
   0007 00 00                21 	.word	0	;skip space 21
   0009 00 00                22 	.word	0	;skip space 19
   000B 00 00                23 	.word	0	;skip space 17
   000D 00 00                24 	.word	0	;skip space 15
   000F 00 00                25 	.word	0	;skip space 13
   0011 00 00                26 	.word	0	;skip space 11
   0013 00 00                27 	.word	0	;skip space 9
   0015 00 00                28 	.word	0	;skip space 7
   0017 00 00                29 	.word	0	;skip space 5
   0019 00 00                30 	.word	0	;skip space 3
   001B 00                   31 	.byte	0	;skip space
                             32 	.globl ___Clear_Sound
   001C                      33 ___Clear_Sound:
   001C 00 00                34 	.word	0	;skip space 11
   001E 00 00                35 	.word	0	;skip space 9
   0020 00 00                36 	.word	0	;skip space 7
   0022 00 00                37 	.word	0	;skip space 5
   0024 00 00                38 	.word	0	;skip space 3
   0026 00                   39 	.byte	0	;skip space
                             40 	.globl ___Sound_Bytes
   0027                      41 ___Sound_Bytes:
   0027 00 00                42 	.word	0	;skip space 7
   0029 00 00                43 	.word	0	;skip space 5
   002B 00 00                44 	.word	0	;skip space 3
   002D 00                   45 	.byte	0	;skip space
                             46 	.globl ___Sound_Bytes_x
   002E                      47 ___Sound_Bytes_x:
   002E 00 00                48 	.word	0	;skip space 5
   0030 00 00                49 	.word	0	;skip space 3
   0032 00                   50 	.byte	0	;skip space
                             51 	.globl ___Do_Sound
   0033                      52 ___Do_Sound:
   0033 00 00                53 	.word	0	;skip space 3
   0035 00                   54 	.byte	0	;skip space
                             55 	.globl ___Do_Sound_x
   0036                      56 ___Do_Sound_x:
   0036 00 00                57 	.word	0	;skip space 17
   0038 00 00                58 	.word	0	;skip space 15
   003A 00 00                59 	.word	0	;skip space 13
   003C 00 00                60 	.word	0	;skip space 11
   003E 00 00                61 	.word	0	;skip space 9
   0040 00 00                62 	.word	0	;skip space 7
   0042 00 00                63 	.word	0	;skip space 5
   0044 00 00                64 	.word	0	;skip space 3
   0046 00                   65 	.byte	0	;skip space
                             66 	.globl ___Intensity_1F
   0047                      67 ___Intensity_1F:
   0047 00 00                68 	.word	0	;skip space 4
   0049 00 00                69 	.word	0	;skip space 2
                             70 	.globl ___Intensity_3F
   004B                      71 ___Intensity_3F:
   004B 00 00                72 	.word	0	;skip space 4
   004D 00 00                73 	.word	0	;skip space 2
                             74 	.globl ___Intensity_5F
   004F                      75 ___Intensity_5F:
   004F 00 00                76 	.word	0	;skip space 4
   0051 00 00                77 	.word	0	;skip space 2
                             78 	.globl ___Intensity_7F
   0053                      79 ___Intensity_7F:
   0053 00 00                80 	.word	0	;skip space 2
                             81 	.globl ___Intensity_a
   0055                      82 ___Intensity_a:
   0055 00 00                83 	.word	0	;skip space 19
   0057 00 00                84 	.word	0	;skip space 17
   0059 00 00                85 	.word	0	;skip space 15
   005B 00 00                86 	.word	0	;skip space 13
   005D 00 00                87 	.word	0	;skip space 11
   005F 00 00                88 	.word	0	;skip space 9
   0061 00 00                89 	.word	0	;skip space 7
   0063 00 00                90 	.word	0	;skip space 5
   0065 00 00                91 	.word	0	;skip space 3
   0067 00                   92 	.byte	0	;skip space
                             93 	.globl ___Dot_ix_b
   0068                      94 ___Dot_ix_b:
   0068 00 00                95 	.word	0	;skip space 3
   006A 00                   96 	.byte	0	;skip space
                             97 	.globl ___Dot_ix
   006B                      98 ___Dot_ix:
   006B 00 00                99 	.word	0	;skip space 2
                            100 	.globl ___Dot_d
   006D                     101 ___Dot_d:
   006D 00 00               102 	.word	0	;skip space 2
                            103 	.globl ___Dot_here
   006F                     104 ___Dot_here:
   006F 00 00               105 	.word	0	;skip space 16
   0071 00 00               106 	.word	0	;skip space 14
   0073 00 00               107 	.word	0	;skip space 12
   0075 00 00               108 	.word	0	;skip space 10
   0077 00 00               109 	.word	0	;skip space 8
   0079 00 00               110 	.word	0	;skip space 6
   007B 00 00               111 	.word	0	;skip space 4
   007D 00 00               112 	.word	0	;skip space 2
                            113 	.globl ___Dot_List
   007F                     114 ___Dot_List:
   007F 00 00               115 	.word	0	;skip space 9
   0081 00 00               116 	.word	0	;skip space 7
   0083 00 00               117 	.word	0	;skip space 5
   0085 00 00               118 	.word	0	;skip space 3
   0087 00                  119 	.byte	0	;skip space
                            120 	.globl ___Dot_List_Reset
   0088                     121 ___Dot_List_Reset:
   0088 00 00               122 	.word	0	;skip space 8
   008A 00 00               123 	.word	0	;skip space 6
   008C 00 00               124 	.word	0	;skip space 4
   008E 00 00               125 	.word	0	;skip space 2
                            126 	.globl ___Recalibrate
   0090                     127 ___Recalibrate:
   0090 00 00               128 	.word	0	;skip space 12
   0092 00 00               129 	.word	0	;skip space 10
   0094 00 00               130 	.word	0	;skip space 8
   0096 00 00               131 	.word	0	;skip space 6
   0098 00 00               132 	.word	0	;skip space 4
   009A 00 00               133 	.word	0	;skip space 2
                            134 	.globl ___Moveto_x_7F
   009C                     135 ___Moveto_x_7F:
   009C 00 00               136 	.word	0	;skip space 10
   009E 00 00               137 	.word	0	;skip space 8
   00A0 00 00               138 	.word	0	;skip space 6
   00A2 00 00               139 	.word	0	;skip space 4
   00A4 00 00               140 	.word	0	;skip space 2
                            141 	.globl ___Moveto_d_7F
   00A6                     142 ___Moveto_d_7F:
   00A6 00                  143 	.byte	0	;skip space
ASxxxx Assembler V05.00  (Motorola 6809), page 1.
Hexidecimal [16-Bits]

Symbol Table

    .__.$$$.       =   2710 L   |     .__.ABS.       =   0000 G
    .__.CPU.       =   0000 L   |     .__.H$L.       =   0001 L
  2 ___Clear_Sound     001C GR  |   2 ___Do_Sound        0033 GR
  2 ___Do_Sound_x      0036 GR  |   2 ___Dot_List        007F GR
  2 ___Dot_List_Re     0088 GR  |   2 ___Dot_d           006D GR
  2 ___Dot_here        006F GR  |   2 ___Dot_ix          006B GR
  2 ___Dot_ix_b        0068 GR  |   2 ___Intensity_1     0047 GR
  2 ___Intensity_3     004B GR  |   2 ___Intensity_5     004F GR
  2 ___Intensity_7     0053 GR  |   2 ___Intensity_a     0055 GR
  2 ___Moveto_d_7F     00A6 GR  |   2 ___Moveto_x_7F     009C GR
  2 ___Recalibrate     0090 GR  |   2 ___Sound_Byte      0000 GR
  2 ___Sound_Byte_     0003 GR  |   2 ___Sound_Bytes     0027 GR
  2 ___Sound_Bytes     002E GR

ASxxxx Assembler V05.00  (Motorola 6809), page 2.
Hexidecimal [16-Bits]

Area Table

[_CSEG]
   0 _CODE            size    0   flags C080
[_DSEG]
   1 _DATA            size    0   flags C0C0
[page_f2]
   2 .0xf2            size   A7   flags 8584

